{"/Users/iqboss/projects/daycare-finder-android/src/api/client.ts": {"path":"/Users/iqboss/projects/daycare-finder-android/src/api/client.ts","statementMap":{"0":{"start":{"line":5,"column":12},"end":{"line":10,"column":2}},"1":{"start":{"line":12,"column":0},"end":{"line":18,"column":3}},"2":{"start":{"line":13,"column":24},"end":{"line":13,"column":68}},"3":{"start":{"line":14,"column":2},"end":{"line":16,"column":3}},"4":{"start":{"line":15,"column":4},"end":{"line":15,"column":42}},"5":{"start":{"line":17,"column":2},"end":{"line":17,"column":16}},"6":{"start":{"line":20,"column":0},"end":{"line":35,"column":2}},"7":{"start":{"line":22,"column":22},"end":{"line":22,"column":52}},"8":{"start":{"line":23,"column":4},"end":{"line":25,"column":5}},"9":{"start":{"line":24,"column":6},"end":{"line":24,"column":59}},"10":{"start":{"line":26,"column":4},"end":{"line":26,"column":20}},"11":{"start":{"line":29,"column":4},"end":{"line":32,"column":5}},"12":{"start":{"line":30,"column":6},"end":{"line":30,"column":54}},"13":{"start":{"line":31,"column":6},"end":{"line":31,"column":44}},"14":{"start":{"line":33,"column":4},"end":{"line":33,"column":33}},"15":{"start":{"line":38,"column":17},"end":{"line":38,"column":38}},"16":{"start":{"line":39,"column":2},"end":{"line":39,"column":32}},"17":{"start":{"line":40,"column":2},"end":{"line":40,"column":38}},"18":{"start":{"line":41,"column":2},"end":{"line":41,"column":37}},"19":{"start":{"line":42,"column":2},"end":{"line":42,"column":32}},"20":{"start":{"line":44,"column":19},"end":{"line":48,"column":4}},"21":{"start":{"line":47,"column":32},"end":{"line":47,"column":44}},"22":{"start":{"line":50,"column":18},"end":{"line":50,"column":48}},"23":{"start":{"line":51,"column":2},"end":{"line":53,"column":3}},"24":{"start":{"line":52,"column":4},"end":{"line":52,"column":61}},"25":{"start":{"line":57,"column":2},"end":{"line":57,"column":50}},"26":{"start":{"line":58,"column":2},"end":{"line":58,"column":40}},"27":{"start":{"line":59,"column":2},"end":{"line":59,"column":37}},"28":{"start":{"line":63,"column":19},"end":{"line":63,"column":53}},"29":{"start":{"line":64,"column":2},"end":{"line":64,"column":23}}},"fnMap":{"0":{"name":"(anonymous_0)","decl":{"start":{"line":12,"column":29},"end":{"line":12,"column":30}},"loc":{"start":{"line":12,"column":47},"end":{"line":18,"column":1}},"line":12},"1":{"name":"(anonymous_1)","decl":{"start":{"line":21,"column":2},"end":{"line":21,"column":3}},"loc":{"start":{"line":21,"column":16},"end":{"line":27,"column":3}},"line":21},"2":{"name":"(anonymous_2)","decl":{"start":{"line":28,"column":2},"end":{"line":28,"column":3}},"loc":{"start":{"line":28,"column":31},"end":{"line":34,"column":3}},"line":28},"3":{"name":"loginWithCredentials","decl":{"start":{"line":37,"column":22},"end":{"line":37,"column":42}},"loc":{"start":{"line":37,"column":91},"end":{"line":54,"column":1}},"line":37},"4":{"name":"(anonymous_4)","decl":{"start":{"line":47,"column":20},"end":{"line":47,"column":21}},"loc":{"start":{"line":47,"column":32},"end":{"line":47,"column":44}},"line":47},"5":{"name":"logout","decl":{"start":{"line":56,"column":22},"end":{"line":56,"column":28}},"loc":{"start":{"line":56,"column":46},"end":{"line":60,"column":1}},"line":56},"6":{"name":"getSession","decl":{"start":{"line":62,"column":22},"end":{"line":62,"column":32}},"loc":{"start":{"line":62,"column":49},"end":{"line":65,"column":1}},"line":62}},"branchMap":{"0":{"loc":{"start":{"line":14,"column":2},"end":{"line":16,"column":3}},"type":"if","locations":[{"start":{"line":14,"column":2},"end":{"line":16,"column":3}},{"start":{},"end":{}}],"line":14},"1":{"loc":{"start":{"line":23,"column":4},"end":{"line":25,"column":5}},"type":"if","locations":[{"start":{"line":23,"column":4},"end":{"line":25,"column":5}},{"start":{},"end":{}}],"line":23},"2":{"loc":{"start":{"line":23,"column":8},"end":{"line":23,"column":41}},"type":"binary-expr","locations":[{"start":{"line":23,"column":8},"end":{"line":23,"column":17}},{"start":{"line":23,"column":21},"end":{"line":23,"column":41}}],"line":23},"3":{"loc":{"start":{"line":29,"column":4},"end":{"line":32,"column":5}},"type":"if","locations":[{"start":{"line":29,"column":4},"end":{"line":32,"column":5}},{"start":{},"end":{}}],"line":29},"4":{"loc":{"start":{"line":51,"column":2},"end":{"line":53,"column":3}},"type":"if","locations":[{"start":{"line":51,"column":2},"end":{"line":53,"column":3}},{"start":{},"end":{}}],"line":51},"5":{"loc":{"start":{"line":51,"column":6},"end":{"line":51,"column":35}},"type":"binary-expr","locations":[{"start":{"line":51,"column":6},"end":{"line":51,"column":13}},{"start":{"line":51,"column":17},"end":{"line":51,"column":35}}],"line":51}},"s":{"0":1,"1":1,"2":3,"3":3,"4":1,"5":3,"6":1,"7":4,"8":4,"9":2,"10":4,"11":4,"12":1,"13":1,"14":4,"15":5,"16":5,"17":5,"18":5,"19":5,"20":5,"21":3,"22":4,"23":4,"24":1,"25":3,"26":3,"27":3,"28":2,"29":1},"f":{"0":3,"1":4,"2":4,"3":5,"4":3,"5":3,"6":2},"b":{"0":[1,2],"1":[2,2],"2":[4,2],"3":[1,3],"4":[1,3],"5":[4,1]},"_coverageSchema":"1a1c01bbd47fc00a2c39e90264f33305004495a9","hash":"d8c3004cf94092038f4a64922fcb7cd16895e42c"}
,"/Users/iqboss/projects/daycare-finder-android/src/components/DaycareCard.tsx": {"path":"/Users/iqboss/projects/daycare-finder-android/src/components/DaycareCard.tsx","statementMap":{"0":{"start":{"line":15,"column":23},"end":{"line":17,"column":55}},"1":{"start":{"line":19,"column":2},"end":{"line":50,"column":4}},"2":{"start":{"line":53,"column":15},"end":{"line":67,"column":2}}},"fnMap":{"0":{"name":"DaycareCard","decl":{"start":{"line":14,"column":24},"end":{"line":14,"column":35}},"loc":{"start":{"line":14,"column":65},"end":{"line":51,"column":1}},"line":14}},"branchMap":{"0":{"loc":{"start":{"line":15,"column":23},"end":{"line":17,"column":55}},"type":"cond-expr","locations":[{"start":{"line":16,"column":6},"end":{"line":16,"column":34}},{"start":{"line":17,"column":6},"end":{"line":17,"column":55}}],"line":15},"1":{"loc":{"start":{"line":23,"column":11},"end":{"line":29,"column":11}},"type":"cond-expr","locations":[{"start":{"line":24,"column":12},"end":{"line":24,"column":82}},{"start":{"line":26,"column":12},"end":{"line":28,"column":19}}],"line":23},"2":{"loc":{"start":{"line":34,"column":15},"end":{"line":39,"column":15}},"type":"binary-expr","locations":[{"start":{"line":34,"column":15},"end":{"line":34,"column":29}},{"start":{"line":35,"column":16},"end":{"line":38,"column":23}}],"line":34},"3":{"loc":{"start":{"line":41,"column":15},"end":{"line":43,"column":15}},"type":"binary-expr","locations":[{"start":{"line":41,"column":15},"end":{"line":41,"column":33}},{"start":{"line":42,"column":16},"end":{"line":42,"column":70}}],"line":41}},"s":{"0":31,"1":31,"2":4},"f":{"0":31},"b":{"0":[29,2],"1":[1,30],"2":[31,10],"3":[31,10]},"_coverageSchema":"1a1c01bbd47fc00a2c39e90264f33305004495a9","hash":"c56502f850f348d6a468a4af736da27b8c4269c3"}
,"/Users/iqboss/projects/daycare-finder-android/src/components/SaveButton.tsx": {"path":"/Users/iqboss/projects/daycare-finder-android/src/components/SaveButton.tsx","statementMap":{"0":{"start":{"line":12,"column":30},"end":{"line":12,"column":39}},"1":{"start":{"line":13,"column":17},"end":{"line":13,"column":36}},"2":{"start":{"line":14,"column":32},"end":{"line":14,"column":47}},"3":{"start":{"line":16,"column":22},"end":{"line":23,"column":3}},"4":{"start":{"line":17,"column":4},"end":{"line":20,"column":5}},"5":{"start":{"line":18,"column":6},"end":{"line":18,"column":74}},"6":{"start":{"line":19,"column":6},"end":{"line":19,"column":13}},"7":{"start":{"line":21,"column":4},"end":{"line":21,"column":25}},"8":{"start":{"line":22,"column":4},"end":{"line":22,"column":42}},"9":{"start":{"line":25,"column":2},"end":{"line":29,"column":4}}},"fnMap":{"0":{"name":"SaveButton","decl":{"start":{"line":11,"column":24},"end":{"line":11,"column":34}},"loc":{"start":{"line":11,"column":57},"end":{"line":30,"column":1}},"line":11},"1":{"name":"(anonymous_1)","decl":{"start":{"line":16,"column":22},"end":{"line":16,"column":23}},"loc":{"start":{"line":16,"column":28},"end":{"line":23,"column":3}},"line":16}},"branchMap":{"0":{"loc":{"start":{"line":17,"column":4},"end":{"line":20,"column":5}},"type":"if","locations":[{"start":{"line":17,"column":4},"end":{"line":20,"column":5}},{"start":{},"end":{}}],"line":17},"1":{"loc":{"start":{"line":27,"column":22},"end":{"line":27,"column":57}},"type":"cond-expr","locations":[{"start":{"line":27,"column":32},"end":{"line":27,"column":39}},{"start":{"line":27,"column":42},"end":{"line":27,"column":57}}],"line":27},"2":{"loc":{"start":{"line":27,"column":76},"end":{"line":27,"column":107}},"type":"cond-expr","locations":[{"start":{"line":27,"column":86},"end":{"line":27,"column":95}},{"start":{"line":27,"column":98},"end":{"line":27,"column":107}}],"line":27}},"s":{"0":48,"1":48,"2":48,"3":48,"4":4,"5":2,"6":2,"7":2,"8":2,"9":48},"f":{"0":48,"1":4},"b":{"0":[2,2],"1":[2,46],"2":[2,46]},"_coverageSchema":"1a1c01bbd47fc00a2c39e90264f33305004495a9","hash":"a33bf8ebb6537288bc9f421258194791d2825c48"}
,"/Users/iqboss/projects/daycare-finder-android/src/components/SearchControls.tsx": {"path":"/Users/iqboss/projects/daycare-finder-android/src/components/SearchControls.tsx","statementMap":{"0":{"start":{"line":14,"column":32},"end":{"line":14,"column":44}},"1":{"start":{"line":15,"column":26},"end":{"line":15,"column":38}},"2":{"start":{"line":17,"column":2},"end":{"line":48,"column":4}},"3":{"start":{"line":40,"column":48},"end":{"line":40,"column":71}},"4":{"start":{"line":51,"column":15},"end":{"line":58,"column":2}}},"fnMap":{"0":{"name":"SearchControls","decl":{"start":{"line":13,"column":24},"end":{"line":13,"column":38}},"loc":{"start":{"line":13,"column":86},"end":{"line":49,"column":1}},"line":13},"1":{"name":"(anonymous_1)","decl":{"start":{"line":40,"column":42},"end":{"line":40,"column":43}},"loc":{"start":{"line":40,"column":48},"end":{"line":40,"column":71}},"line":40}},"branchMap":{},"s":{"0":27,"1":27,"2":27,"3":6,"4":2},"f":{"0":27,"1":6},"b":{},"_coverageSchema":"1a1c01bbd47fc00a2c39e90264f33305004495a9","hash":"c60767913b44c545e0f3614bc6e8f803343f5401"}
,"/Users/iqboss/projects/daycare-finder-android/src/context/AuthContext.tsx": {"path":"/Users/iqboss/projects/daycare-finder-android/src/context/AuthContext.tsx","statementMap":{"0":{"start":{"line":16,"column":20},"end":{"line":16,"column":73}},"1":{"start":{"line":19,"column":31},"end":{"line":19,"column":58}},"2":{"start":{"line":20,"column":36},"end":{"line":20,"column":50}},"3":{"start":{"line":22,"column":22},"end":{"line":43,"column":8}},"4":{"start":{"line":23,"column":4},"end":{"line":42,"column":5}},"5":{"start":{"line":24,"column":22},"end":{"line":24,"column":40}},"6":{"start":{"line":25,"column":6},"end":{"line":39,"column":7}},"7":{"start":{"line":26,"column":31},"end":{"line":33,"column":9}},"8":{"start":{"line":34,"column":8},"end":{"line":34,"column":31}},"9":{"start":{"line":35,"column":8},"end":{"line":35,"column":69}},"10":{"start":{"line":37,"column":8},"end":{"line":37,"column":27}},"11":{"start":{"line":38,"column":8},"end":{"line":38,"column":46}},"12":{"start":{"line":41,"column":6},"end":{"line":41,"column":25}},"13":{"start":{"line":45,"column":2},"end":{"line":58,"column":20}},"14":{"start":{"line":46,"column":17},"end":{"line":56,"column":5}},"15":{"start":{"line":47,"column":6},"end":{"line":55,"column":7}},"16":{"start":{"line":48,"column":23},"end":{"line":48,"column":57}},"17":{"start":{"line":49,"column":8},"end":{"line":51,"column":9}},"18":{"start":{"line":50,"column":10},"end":{"line":50,"column":43}},"19":{"start":{"line":52,"column":8},"end":{"line":52,"column":28}},"20":{"start":{"line":54,"column":8},"end":{"line":54,"column":28}},"21":{"start":{"line":57,"column":4},"end":{"line":57,"column":11}},"22":{"start":{"line":60,"column":16},"end":{"line":63,"column":3}},"23":{"start":{"line":61,"column":4},"end":{"line":61,"column":48}},"24":{"start":{"line":62,"column":4},"end":{"line":62,"column":24}},"25":{"start":{"line":65,"column":17},"end":{"line":68,"column":3}},"26":{"start":{"line":66,"column":4},"end":{"line":66,"column":22}},"27":{"start":{"line":67,"column":4},"end":{"line":67,"column":23}},"28":{"start":{"line":70,"column":18},"end":{"line":77,"column":3}},"29":{"start":{"line":71,"column":4},"end":{"line":71,"column":20}},"30":{"start":{"line":72,"column":4},"end":{"line":76,"column":5}},"31":{"start":{"line":73,"column":6},"end":{"line":73,"column":54}},"32":{"start":{"line":75,"column":6},"end":{"line":75,"column":38}},"33":{"start":{"line":79,"column":2},"end":{"line":85,"column":4}},"34":{"start":{"line":89,"column":14},"end":{"line":89,"column":37}},"35":{"start":{"line":90,"column":2},"end":{"line":90,"column":72}},"36":{"start":{"line":90,"column":12},"end":{"line":90,"column":72}},"37":{"start":{"line":91,"column":2},"end":{"line":91,"column":13}}},"fnMap":{"0":{"name":"AuthProvider","decl":{"start":{"line":18,"column":16},"end":{"line":18,"column":28}},"loc":{"start":{"line":18,"column":74},"end":{"line":86,"column":1}},"line":18},"1":{"name":"(anonymous_1)","decl":{"start":{"line":22,"column":34},"end":{"line":22,"column":35}},"loc":{"start":{"line":22,"column":46},"end":{"line":43,"column":3}},"line":22},"2":{"name":"(anonymous_2)","decl":{"start":{"line":45,"column":12},"end":{"line":45,"column":13}},"loc":{"start":{"line":45,"column":18},"end":{"line":58,"column":3}},"line":45},"3":{"name":"(anonymous_3)","decl":{"start":{"line":46,"column":17},"end":{"line":46,"column":18}},"loc":{"start":{"line":46,"column":29},"end":{"line":56,"column":5}},"line":46},"4":{"name":"(anonymous_4)","decl":{"start":{"line":60,"column":16},"end":{"line":60,"column":17}},"loc":{"start":{"line":60,"column":59},"end":{"line":63,"column":3}},"line":60},"5":{"name":"(anonymous_5)","decl":{"start":{"line":65,"column":17},"end":{"line":65,"column":18}},"loc":{"start":{"line":65,"column":29},"end":{"line":68,"column":3}},"line":65},"6":{"name":"(anonymous_6)","decl":{"start":{"line":70,"column":18},"end":{"line":70,"column":19}},"loc":{"start":{"line":70,"column":38},"end":{"line":77,"column":3}},"line":70},"7":{"name":"useAuth","decl":{"start":{"line":88,"column":16},"end":{"line":88,"column":23}},"loc":{"start":{"line":88,"column":26},"end":{"line":92,"column":1}},"line":88}},"branchMap":{"0":{"loc":{"start":{"line":25,"column":6},"end":{"line":39,"column":7}},"type":"if","locations":[{"start":{"line":25,"column":6},"end":{"line":39,"column":7}},{"start":{"line":36,"column":13},"end":{"line":39,"column":7}}],"line":25},"1":{"loc":{"start":{"line":27,"column":14},"end":{"line":27,"column":51}},"type":"binary-expr","locations":[{"start":{"line":27,"column":14},"end":{"line":27,"column":29}},{"start":{"line":27,"column":33},"end":{"line":27,"column":51}}],"line":27},"2":{"loc":{"start":{"line":31,"column":16},"end":{"line":31,"column":45}},"type":"binary-expr","locations":[{"start":{"line":31,"column":16},"end":{"line":31,"column":33}},{"start":{"line":31,"column":37},"end":{"line":31,"column":45}}],"line":31},"3":{"loc":{"start":{"line":32,"column":21},"end":{"line":32,"column":71}},"type":"binary-expr","locations":[{"start":{"line":32,"column":21},"end":{"line":32,"column":43}},{"start":{"line":32,"column":47},"end":{"line":32,"column":71}}],"line":32},"4":{"loc":{"start":{"line":49,"column":8},"end":{"line":51,"column":9}},"type":"if","locations":[{"start":{"line":49,"column":8},"end":{"line":51,"column":9}},{"start":{},"end":{}}],"line":49},"5":{"loc":{"start":{"line":72,"column":4},"end":{"line":76,"column":5}},"type":"if","locations":[{"start":{"line":72,"column":4},"end":{"line":76,"column":5}},{"start":{"line":74,"column":11},"end":{"line":76,"column":5}}],"line":72},"6":{"loc":{"start":{"line":90,"column":2},"end":{"line":90,"column":72}},"type":"if","locations":[{"start":{"line":90,"column":2},"end":{"line":90,"column":72}},{"start":{},"end":{}}],"line":90}},"s":{"0":1,"1":59,"2":59,"3":59,"4":30,"5":30,"6":27,"7":14,"8":14,"9":14,"10":13,"11":13,"12":3,"13":59,"14":25,"15":25,"16":25,"17":25,"18":2,"19":25,"20":25,"21":25,"22":59,"23":3,"24":2,"25":59,"26":2,"27":2,"28":59,"29":2,"30":2,"31":1,"32":1,"33":59,"34":87,"35":86,"36":2,"37":84},"f":{"0":59,"1":30,"2":25,"3":25,"4":3,"5":2,"6":2,"7":87},"b":{"0":[14,13],"1":[14,1],"2":[14,3],"3":[14,3],"4":[2,23],"5":[1,1],"6":[2,84]},"_coverageSchema":"1a1c01bbd47fc00a2c39e90264f33305004495a9","hash":"b9a5542f1f57ceecde02c066e18947cf70205ba6"}
,"/Users/iqboss/projects/daycare-finder-android/src/hooks/useAppNavigation.ts": {"path":"/Users/iqboss/projects/daycare-finder-android/src/hooks/useAppNavigation.ts","statementMap":{"0":{"start":{"line":6,"column":2},"end":{"line":6,"column":66}}},"fnMap":{"0":{"name":"useAppNavigation","decl":{"start":{"line":5,"column":16},"end":{"line":5,"column":32}},"loc":{"start":{"line":5,"column":35},"end":{"line":7,"column":1}},"line":5}},"branchMap":{},"s":{"0":0},"f":{"0":0},"b":{}}
,"/Users/iqboss/projects/daycare-finder-android/src/hooks/useDaycares.ts": {"path":"/Users/iqboss/projects/daycare-finder-android/src/hooks/useDaycares.ts","statementMap":{"0":{"start":{"line":6,"column":2},"end":{"line":13,"column":5}},"1":{"start":{"line":9,"column":23},"end":{"line":9,"column":79}},"2":{"start":{"line":10,"column":6},"end":{"line":10,"column":27}},"3":{"start":{"line":17,"column":2},"end":{"line":24,"column":5}},"4":{"start":{"line":20,"column":23},"end":{"line":20,"column":67}},"5":{"start":{"line":21,"column":6},"end":{"line":21,"column":27}},"6":{"start":{"line":28,"column":2},"end":{"line":34,"column":5}},"7":{"start":{"line":31,"column":23},"end":{"line":31,"column":65}},"8":{"start":{"line":32,"column":6},"end":{"line":32,"column":27}},"9":{"start":{"line":38,"column":22},"end":{"line":38,"column":38}},"10":{"start":{"line":40,"column":2},"end":{"line":51,"column":5}},"11":{"start":{"line":42,"column":6},"end":{"line":46,"column":7}},"12":{"start":{"line":43,"column":8},"end":{"line":43,"column":68}},"13":{"start":{"line":45,"column":8},"end":{"line":45,"column":56}},"14":{"start":{"line":49,"column":6},"end":{"line":49,"column":65}},"15":{"start":{"line":55,"column":2},"end":{"line":64,"column":5}},"16":{"start":{"line":58,"column":23},"end":{"line":60,"column":8}},"17":{"start":{"line":61,"column":6},"end":{"line":61,"column":27}}},"fnMap":{"0":{"name":"useSearchDaycares","decl":{"start":{"line":5,"column":16},"end":{"line":5,"column":33}},"loc":{"start":{"line":5,"column":56},"end":{"line":14,"column":1}},"line":5},"1":{"name":"(anonymous_1)","decl":{"start":{"line":8,"column":13},"end":{"line":8,"column":14}},"loc":{"start":{"line":8,"column":25},"end":{"line":11,"column":5}},"line":8},"2":{"name":"useDaycare","decl":{"start":{"line":16,"column":16},"end":{"line":16,"column":26}},"loc":{"start":{"line":16,"column":39},"end":{"line":25,"column":1}},"line":16},"3":{"name":"(anonymous_3)","decl":{"start":{"line":19,"column":13},"end":{"line":19,"column":14}},"loc":{"start":{"line":19,"column":25},"end":{"line":22,"column":5}},"line":19},"4":{"name":"useFavorites","decl":{"start":{"line":27,"column":16},"end":{"line":27,"column":28}},"loc":{"start":{"line":27,"column":31},"end":{"line":35,"column":1}},"line":27},"5":{"name":"(anonymous_5)","decl":{"start":{"line":30,"column":13},"end":{"line":30,"column":14}},"loc":{"start":{"line":30,"column":25},"end":{"line":33,"column":5}},"line":30},"6":{"name":"useToggleFavorite","decl":{"start":{"line":37,"column":16},"end":{"line":37,"column":33}},"loc":{"start":{"line":37,"column":36},"end":{"line":52,"column":1}},"line":37},"7":{"name":"(anonymous_7)","decl":{"start":{"line":41,"column":16},"end":{"line":41,"column":17}},"loc":{"start":{"line":41,"column":91},"end":{"line":47,"column":5}},"line":41},"8":{"name":"(anonymous_8)","decl":{"start":{"line":48,"column":15},"end":{"line":48,"column":16}},"loc":{"start":{"line":48,"column":21},"end":{"line":50,"column":5}},"line":48},"9":{"name":"useNearbyDaycares","decl":{"start":{"line":54,"column":16},"end":{"line":54,"column":33}},"loc":{"start":{"line":54,"column":76},"end":{"line":65,"column":1}},"line":54},"10":{"name":"(anonymous_10)","decl":{"start":{"line":57,"column":13},"end":{"line":57,"column":14}},"loc":{"start":{"line":57,"column":25},"end":{"line":62,"column":5}},"line":57}},"branchMap":{"0":{"loc":{"start":{"line":12,"column":13},"end":{"line":12,"column":58}},"type":"binary-expr","locations":[{"start":{"line":12,"column":13},"end":{"line":12,"column":41}},{"start":{"line":12,"column":45},"end":{"line":12,"column":58}}],"line":12},"1":{"loc":{"start":{"line":12,"column":16},"end":{"line":12,"column":40}},"type":"binary-expr","locations":[{"start":{"line":12,"column":16},"end":{"line":12,"column":26}},{"start":{"line":12,"column":30},"end":{"line":12,"column":40}}],"line":12},"2":{"loc":{"start":{"line":42,"column":6},"end":{"line":46,"column":7}},"type":"if","locations":[{"start":{"line":42,"column":6},"end":{"line":46,"column":7}},{"start":{"line":44,"column":13},"end":{"line":46,"column":7}}],"line":42},"3":{"loc":{"start":{"line":54,"column":60},"end":{"line":54,"column":74}},"type":"default-arg","locations":[{"start":{"line":54,"column":69},"end":{"line":54,"column":74}}],"line":54},"4":{"loc":{"start":{"line":63,"column":13},"end":{"line":63,"column":27}},"type":"binary-expr","locations":[{"start":{"line":63,"column":13},"end":{"line":63,"column":18}},{"start":{"line":63,"column":22},"end":{"line":63,"column":27}}],"line":63}},"s":{"0":5,"1":3,"2":3,"3":4,"4":2,"5":2,"6":5,"7":3,"8":3,"9":7,"10":7,"11":3,"12":1,"13":2,"14":3,"15":3,"16":2,"17":2},"f":{"0":5,"1":3,"2":4,"3":2,"4":5,"5":3,"6":7,"7":3,"8":3,"9":3,"10":2},"b":{"0":[5,2],"1":[5,3],"2":[1,2],"3":[2],"4":[3,2]},"_coverageSchema":"1a1c01bbd47fc00a2c39e90264f33305004495a9","hash":"9caeee780a63212106c948af81aa52cf206cbd1b"}
,"/Users/iqboss/projects/daycare-finder-android/src/hooks/useProvider.ts": {"path":"/Users/iqboss/projects/daycare-finder-android/src/hooks/useProvider.ts","statementMap":{"0":{"start":{"line":6,"column":2},"end":{"line":12,"column":5}},"1":{"start":{"line":9,"column":23},"end":{"line":9,"column":63}},"2":{"start":{"line":10,"column":6},"end":{"line":10,"column":27}},"3":{"start":{"line":16,"column":2},"end":{"line":22,"column":5}},"4":{"start":{"line":19,"column":23},"end":{"line":19,"column":72}},"5":{"start":{"line":20,"column":6},"end":{"line":20,"column":27}},"6":{"start":{"line":26,"column":2},"end":{"line":33,"column":5}},"7":{"start":{"line":29,"column":23},"end":{"line":29,"column":86}},"8":{"start":{"line":30,"column":6},"end":{"line":30,"column":27}},"9":{"start":{"line":37,"column":22},"end":{"line":37,"column":38}},"10":{"start":{"line":38,"column":2},"end":{"line":46,"column":5}},"11":{"start":{"line":40,"column":23},"end":{"line":40,"column":75}},"12":{"start":{"line":41,"column":6},"end":{"line":41,"column":27}},"13":{"start":{"line":44,"column":6},"end":{"line":44,"column":64}},"14":{"start":{"line":50,"column":22},"end":{"line":50,"column":38}},"15":{"start":{"line":51,"column":2},"end":{"line":58,"column":5}},"16":{"start":{"line":53,"column":6},"end":{"line":53,"column":71}},"17":{"start":{"line":56,"column":6},"end":{"line":56,"column":64}},"18":{"start":{"line":62,"column":22},"end":{"line":62,"column":38}},"19":{"start":{"line":63,"column":2},"end":{"line":72,"column":5}},"20":{"start":{"line":65,"column":23},"end":{"line":65,"column":80}},"21":{"start":{"line":66,"column":6},"end":{"line":66,"column":27}},"22":{"start":{"line":69,"column":6},"end":{"line":69,"column":64}},"23":{"start":{"line":70,"column":6},"end":{"line":70,"column":63}},"24":{"start":{"line":76,"column":2},"end":{"line":81,"column":5}},"25":{"start":{"line":78,"column":23},"end":{"line":78,"column":69}},"26":{"start":{"line":79,"column":6},"end":{"line":79,"column":27}},"27":{"start":{"line":85,"column":22},"end":{"line":85,"column":38}},"28":{"start":{"line":86,"column":2},"end":{"line":105,"column":5}},"29":{"start":{"line":88,"column":23},"end":{"line":88,"column":37}},"30":{"start":{"line":89,"column":6},"end":{"line":89,"column":46}},"31":{"start":{"line":90,"column":6},"end":{"line":94,"column":16}},"32":{"start":{"line":96,"column":23},"end":{"line":98,"column":8}},"33":{"start":{"line":99,"column":6},"end":{"line":99,"column":27}},"34":{"start":{"line":102,"column":6},"end":{"line":102,"column":64}},"35":{"start":{"line":103,"column":6},"end":{"line":103,"column":63}}},"fnMap":{"0":{"name":"useProviderDashboard","decl":{"start":{"line":5,"column":16},"end":{"line":5,"column":36}},"loc":{"start":{"line":5,"column":39},"end":{"line":13,"column":1}},"line":5},"1":{"name":"(anonymous_1)","decl":{"start":{"line":8,"column":13},"end":{"line":8,"column":14}},"loc":{"start":{"line":8,"column":25},"end":{"line":11,"column":5}},"line":8},"2":{"name":"useClaimedDaycares","decl":{"start":{"line":15,"column":16},"end":{"line":15,"column":34}},"loc":{"start":{"line":15,"column":37},"end":{"line":23,"column":1}},"line":15},"3":{"name":"(anonymous_3)","decl":{"start":{"line":18,"column":13},"end":{"line":18,"column":14}},"loc":{"start":{"line":18,"column":25},"end":{"line":21,"column":5}},"line":18},"4":{"name":"useSearchEEC","decl":{"start":{"line":25,"column":16},"end":{"line":25,"column":28}},"loc":{"start":{"line":25,"column":44},"end":{"line":34,"column":1}},"line":25},"5":{"name":"(anonymous_5)","decl":{"start":{"line":28,"column":13},"end":{"line":28,"column":14}},"loc":{"start":{"line":28,"column":25},"end":{"line":31,"column":5}},"line":28},"6":{"name":"useClaimDaycare","decl":{"start":{"line":36,"column":16},"end":{"line":36,"column":31}},"loc":{"start":{"line":36,"column":34},"end":{"line":47,"column":1}},"line":36},"7":{"name":"(anonymous_7)","decl":{"start":{"line":39,"column":16},"end":{"line":39,"column":17}},"loc":{"start":{"line":39,"column":45},"end":{"line":42,"column":5}},"line":39},"8":{"name":"(anonymous_8)","decl":{"start":{"line":43,"column":15},"end":{"line":43,"column":16}},"loc":{"start":{"line":43,"column":21},"end":{"line":45,"column":5}},"line":43},"9":{"name":"useUnclaimDaycare","decl":{"start":{"line":49,"column":16},"end":{"line":49,"column":33}},"loc":{"start":{"line":49,"column":36},"end":{"line":59,"column":1}},"line":49},"10":{"name":"(anonymous_10)","decl":{"start":{"line":52,"column":16},"end":{"line":52,"column":17}},"loc":{"start":{"line":52,"column":45},"end":{"line":54,"column":5}},"line":52},"11":{"name":"(anonymous_11)","decl":{"start":{"line":55,"column":15},"end":{"line":55,"column":16}},"loc":{"start":{"line":55,"column":21},"end":{"line":57,"column":5}},"line":55},"12":{"name":"useUpdateDaycare","decl":{"start":{"line":61,"column":16},"end":{"line":61,"column":32}},"loc":{"start":{"line":61,"column":35},"end":{"line":73,"column":1}},"line":61},"13":{"name":"(anonymous_13)","decl":{"start":{"line":64,"column":16},"end":{"line":64,"column":17}},"loc":{"start":{"line":64,"column":80},"end":{"line":67,"column":5}},"line":64},"14":{"name":"(anonymous_14)","decl":{"start":{"line":68,"column":15},"end":{"line":68,"column":16}},"loc":{"start":{"line":68,"column":21},"end":{"line":71,"column":5}},"line":68},"15":{"name":"useRegisterProvider","decl":{"start":{"line":75,"column":16},"end":{"line":75,"column":35}},"loc":{"start":{"line":75,"column":38},"end":{"line":82,"column":1}},"line":75},"16":{"name":"(anonymous_16)","decl":{"start":{"line":77,"column":16},"end":{"line":77,"column":17}},"loc":{"start":{"line":77,"column":83},"end":{"line":80,"column":5}},"line":77},"17":{"name":"useUploadPhoto","decl":{"start":{"line":84,"column":16},"end":{"line":84,"column":30}},"loc":{"start":{"line":84,"column":33},"end":{"line":106,"column":1}},"line":84},"18":{"name":"(anonymous_18)","decl":{"start":{"line":87,"column":16},"end":{"line":87,"column":17}},"loc":{"start":{"line":87,"column":82},"end":{"line":100,"column":5}},"line":87},"19":{"name":"(anonymous_19)","decl":{"start":{"line":101,"column":15},"end":{"line":101,"column":16}},"loc":{"start":{"line":101,"column":21},"end":{"line":104,"column":5}},"line":101}},"branchMap":{},"s":{"0":8,"1":5,"2":5,"3":8,"4":5,"5":5,"6":4,"7":1,"8":1,"9":5,"10":5,"11":2,"12":2,"13":2,"14":5,"15":5,"16":2,"17":2,"18":5,"19":5,"20":2,"21":2,"22":2,"23":2,"24":2,"25":1,"26":1,"27":5,"28":5,"29":2,"30":2,"31":2,"32":2,"33":2,"34":2,"35":2},"f":{"0":8,"1":5,"2":8,"3":5,"4":4,"5":1,"6":5,"7":2,"8":2,"9":5,"10":2,"11":2,"12":5,"13":2,"14":2,"15":2,"16":1,"17":5,"18":2,"19":2},"b":{},"_coverageSchema":"1a1c01bbd47fc00a2c39e90264f33305004495a9","hash":"82c5504c4b3a30dff8d26f4a309b82c1e6adf3ea"}
,"/Users/iqboss/projects/daycare-finder-android/src/navigation/AppNavigator.tsx": {"path":"/Users/iqboss/projects/daycare-finder-android/src/navigation/AppNavigator.tsx","statementMap":{"0":{"start":{"line":21,"column":14},"end":{"line":21,"column":36}},"1":{"start":{"line":22,"column":12},"end":{"line":22,"column":38}},"2":{"start":{"line":25,"column":2},"end":{"line":31,"column":4}},"3":{"start":{"line":35,"column":2},"end":{"line":43,"column":4}},"4":{"start":{"line":47,"column":19},"end":{"line":47,"column":28}},"5":{"start":{"line":49,"column":2},"end":{"line":78,"column":4}},"6":{"start":{"line":51,"column":37},"end":{"line":64,"column":7}},"7":{"start":{"line":53,"column":30},"end":{"line":53,"column":36}},"8":{"start":{"line":54,"column":10},"end":{"line":58,"column":92}},"9":{"start":{"line":54,"column":37},"end":{"line":54,"column":82}},"10":{"start":{"line":55,"column":15},"end":{"line":58,"column":92}},"11":{"start":{"line":55,"column":44},"end":{"line":55,"column":93}},"12":{"start":{"line":56,"column":15},"end":{"line":58,"column":92}},"13":{"start":{"line":56,"column":47},"end":{"line":56,"column":94}},"14":{"start":{"line":57,"column":15},"end":{"line":58,"column":92}},"15":{"start":{"line":57,"column":47},"end":{"line":57,"column":100}},"16":{"start":{"line":58,"column":15},"end":{"line":58,"column":92}},"17":{"start":{"line":58,"column":43},"end":{"line":58,"column":92}},"18":{"start":{"line":59,"column":10},"end":{"line":59,"column":72}},"19":{"start":{"line":74,"column":67},"end":{"line":74,"column":71}},"20":{"start":{"line":82,"column":2},"end":{"line":93,"column":4}}},"fnMap":{"0":{"name":"SearchStack","decl":{"start":{"line":24,"column":9},"end":{"line":24,"column":20}},"loc":{"start":{"line":24,"column":23},"end":{"line":32,"column":1}},"line":24},"1":{"name":"ProviderStack","decl":{"start":{"line":34,"column":9},"end":{"line":34,"column":22}},"loc":{"start":{"line":34,"column":25},"end":{"line":44,"column":1}},"line":34},"2":{"name":"MainTabs","decl":{"start":{"line":46,"column":9},"end":{"line":46,"column":17}},"loc":{"start":{"line":46,"column":20},"end":{"line":79,"column":1}},"line":46},"3":{"name":"(anonymous_3)","decl":{"start":{"line":51,"column":21},"end":{"line":51,"column":22}},"loc":{"start":{"line":51,"column":37},"end":{"line":64,"column":7}},"line":51},"4":{"name":"(anonymous_4)","decl":{"start":{"line":52,"column":20},"end":{"line":52,"column":21}},"loc":{"start":{"line":52,"column":50},"end":{"line":60,"column":9}},"line":52},"5":{"name":"(anonymous_5)","decl":{"start":{"line":74,"column":61},"end":{"line":74,"column":62}},"loc":{"start":{"line":74,"column":67},"end":{"line":74,"column":71}},"line":74},"6":{"name":"AppNavigator","decl":{"start":{"line":81,"column":24},"end":{"line":81,"column":36}},"loc":{"start":{"line":81,"column":39},"end":{"line":94,"column":1}},"line":81}},"branchMap":{"0":{"loc":{"start":{"line":54,"column":10},"end":{"line":58,"column":92}},"type":"if","locations":[{"start":{"line":54,"column":10},"end":{"line":58,"column":92}},{"start":{"line":55,"column":15},"end":{"line":58,"column":92}}],"line":54},"1":{"loc":{"start":{"line":54,"column":48},"end":{"line":54,"column":81}},"type":"cond-expr","locations":[{"start":{"line":54,"column":58},"end":{"line":54,"column":64}},{"start":{"line":54,"column":67},"end":{"line":54,"column":81}}],"line":54},"2":{"loc":{"start":{"line":55,"column":15},"end":{"line":58,"column":92}},"type":"if","locations":[{"start":{"line":55,"column":15},"end":{"line":58,"column":92}},{"start":{"line":56,"column":15},"end":{"line":58,"column":92}}],"line":55},"3":{"loc":{"start":{"line":55,"column":55},"end":{"line":55,"column":92}},"type":"cond-expr","locations":[{"start":{"line":55,"column":65},"end":{"line":55,"column":73}},{"start":{"line":55,"column":76},"end":{"line":55,"column":92}}],"line":55},"4":{"loc":{"start":{"line":56,"column":15},"end":{"line":58,"column":92}},"type":"if","locations":[{"start":{"line":56,"column":15},"end":{"line":58,"column":92}},{"start":{"line":57,"column":15},"end":{"line":58,"column":92}}],"line":56},"5":{"loc":{"start":{"line":56,"column":58},"end":{"line":56,"column":93}},"type":"cond-expr","locations":[{"start":{"line":56,"column":68},"end":{"line":56,"column":75}},{"start":{"line":56,"column":78},"end":{"line":56,"column":93}}],"line":56},"6":{"loc":{"start":{"line":57,"column":15},"end":{"line":58,"column":92}},"type":"if","locations":[{"start":{"line":57,"column":15},"end":{"line":58,"column":92}},{"start":{"line":58,"column":15},"end":{"line":58,"column":92}}],"line":57},"7":{"loc":{"start":{"line":57,"column":58},"end":{"line":57,"column":99}},"type":"cond-expr","locations":[{"start":{"line":57,"column":68},"end":{"line":57,"column":78}},{"start":{"line":57,"column":81},"end":{"line":57,"column":99}}],"line":57},"8":{"loc":{"start":{"line":58,"column":15},"end":{"line":58,"column":92}},"type":"if","locations":[{"start":{"line":58,"column":15},"end":{"line":58,"column":92}},{"start":{},"end":{}}],"line":58},"9":{"loc":{"start":{"line":58,"column":54},"end":{"line":58,"column":91}},"type":"cond-expr","locations":[{"start":{"line":58,"column":64},"end":{"line":58,"column":72}},{"start":{"line":58,"column":75},"end":{"line":58,"column":91}}],"line":58},"10":{"loc":{"start":{"line":74,"column":24},"end":{"line":74,"column":71}},"type":"cond-expr","locations":[{"start":{"line":74,"column":49},"end":{"line":74,"column":58}},{"start":{"line":74,"column":61},"end":{"line":74,"column":71}}],"line":74}},"s":{"0":0,"1":0,"2":0,"3":0,"4":0,"5":0,"6":0,"7":0,"8":0,"9":0,"10":0,"11":0,"12":0,"13":0,"14":0,"15":0,"16":0,"17":0,"18":0,"19":0,"20":0},"f":{"0":0,"1":0,"2":0,"3":0,"4":0,"5":0,"6":0},"b":{"0":[0,0],"1":[0,0],"2":[0,0],"3":[0,0],"4":[0,0],"5":[0,0],"6":[0,0],"7":[0,0],"8":[0,0],"9":[0,0],"10":[0,0]}}
,"/Users/iqboss/projects/daycare-finder-android/src/screens/AdminDashboardScreen.tsx": {"path":"/Users/iqboss/projects/daycare-finder-android/src/screens/AdminDashboardScreen.tsx","statementMap":{"0":{"start":{"line":12,"column":21},"end":{"line":12,"column":39}},"1":{"start":{"line":13,"column":36},"end":{"line":13,"column":45}},"2":{"start":{"line":14,"column":24},"end":{"line":14,"column":62}},"3":{"start":{"line":15,"column":22},"end":{"line":15,"column":38}},"4":{"start":{"line":17,"column":18},"end":{"line":17,"column":40}},"5":{"start":{"line":19,"column":53},"end":{"line":26,"column":4}},"6":{"start":{"line":22,"column":23},"end":{"line":22,"column":57}},"7":{"start":{"line":23,"column":6},"end":{"line":23,"column":27}},"8":{"start":{"line":28,"column":51},"end":{"line":35,"column":4}},"9":{"start":{"line":31,"column":23},"end":{"line":31,"column":56}},"10":{"start":{"line":32,"column":6},"end":{"line":32,"column":27}},"11":{"start":{"line":37,"column":22},"end":{"line":42,"column":4}},"12":{"start":{"line":39,"column":6},"end":{"line":39,"column":61}},"13":{"start":{"line":41,"column":21},"end":{"line":41,"column":85}},"14":{"start":{"line":44,"column":25},"end":{"line":49,"column":4}},"15":{"start":{"line":46,"column":6},"end":{"line":46,"column":58}},"16":{"start":{"line":48,"column":21},"end":{"line":48,"column":84}},"17":{"start":{"line":51,"column":2},"end":{"line":61,"column":3}},"18":{"start":{"line":52,"column":4},"end":{"line":60,"column":6}},"19":{"start":{"line":56,"column":48},"end":{"line":56,"column":84}},"20":{"start":{"line":63,"column":2},"end":{"line":71,"column":3}},"21":{"start":{"line":64,"column":4},"end":{"line":70,"column":6}},"22":{"start":{"line":73,"column":2},"end":{"line":166,"column":4}},"23":{"start":{"line":78,"column":25},"end":{"line":78,"column":41}},"24":{"start":{"line":84,"column":25},"end":{"line":84,"column":40}},"25":{"start":{"line":94,"column":45},"end":{"line":94,"column":73}},"26":{"start":{"line":95,"column":41},"end":{"line":95,"column":48}},"27":{"start":{"line":97,"column":14},"end":{"line":122,"column":21}},"28":{"start":{"line":107,"column":37},"end":{"line":107,"column":91}},"29":{"start":{"line":116,"column":37},"end":{"line":116,"column":90}},"30":{"start":{"line":134,"column":41},"end":{"line":134,"column":48}},"31":{"start":{"line":136,"column":14},"end":{"line":159,"column":21}},"32":{"start":{"line":142,"column":22},"end":{"line":155,"column":41}},"33":{"start":{"line":146,"column":45},"end":{"line":146,"column":102}},"34":{"start":{"line":146,"column":71},"end":{"line":146,"column":89}},"35":{"start":{"line":147,"column":26},"end":{"line":150,"column":27}},"36":{"start":{"line":148,"column":28},"end":{"line":148,"column":82}},"37":{"start":{"line":149,"column":28},"end":{"line":149,"column":35}},"38":{"start":{"line":151,"column":26},"end":{"line":151,"column":71}},"39":{"start":{"line":169,"column":15},"end":{"line":193,"column":2}}},"fnMap":{"0":{"name":"AdminDashboardScreen","decl":{"start":{"line":11,"column":24},"end":{"line":11,"column":44}},"loc":{"start":{"line":11,"column":47},"end":{"line":167,"column":1}},"line":11},"1":{"name":"(anonymous_1)","decl":{"start":{"line":21,"column":13},"end":{"line":21,"column":14}},"loc":{"start":{"line":21,"column":25},"end":{"line":24,"column":5}},"line":21},"2":{"name":"(anonymous_2)","decl":{"start":{"line":30,"column":13},"end":{"line":30,"column":14}},"loc":{"start":{"line":30,"column":25},"end":{"line":33,"column":5}},"line":30},"3":{"name":"(anonymous_3)","decl":{"start":{"line":38,"column":16},"end":{"line":38,"column":17}},"loc":{"start":{"line":38,"column":88},"end":{"line":40,"column":5}},"line":38},"4":{"name":"(anonymous_4)","decl":{"start":{"line":41,"column":15},"end":{"line":41,"column":16}},"loc":{"start":{"line":41,"column":21},"end":{"line":41,"column":85}},"line":41},"5":{"name":"(anonymous_5)","decl":{"start":{"line":45,"column":16},"end":{"line":45,"column":17}},"loc":{"start":{"line":45,"column":70},"end":{"line":47,"column":5}},"line":45},"6":{"name":"(anonymous_6)","decl":{"start":{"line":48,"column":15},"end":{"line":48,"column":16}},"loc":{"start":{"line":48,"column":21},"end":{"line":48,"column":84}},"line":48},"7":{"name":"(anonymous_7)","decl":{"start":{"line":56,"column":42},"end":{"line":56,"column":43}},"loc":{"start":{"line":56,"column":48},"end":{"line":56,"column":84}},"line":56},"8":{"name":"(anonymous_8)","decl":{"start":{"line":78,"column":19},"end":{"line":78,"column":20}},"loc":{"start":{"line":78,"column":25},"end":{"line":78,"column":41}},"line":78},"9":{"name":"(anonymous_9)","decl":{"start":{"line":84,"column":19},"end":{"line":84,"column":20}},"loc":{"start":{"line":84,"column":25},"end":{"line":84,"column":40}},"line":84},"10":{"name":"(anonymous_10)","decl":{"start":{"line":94,"column":33},"end":{"line":94,"column":34}},"loc":{"start":{"line":94,"column":45},"end":{"line":94,"column":73}},"line":94},"11":{"name":"(anonymous_11)","decl":{"start":{"line":95,"column":26},"end":{"line":95,"column":27}},"loc":{"start":{"line":95,"column":41},"end":{"line":95,"column":48}},"line":95},"12":{"name":"(anonymous_12)","decl":{"start":{"line":96,"column":24},"end":{"line":96,"column":25}},"loc":{"start":{"line":97,"column":14},"end":{"line":122,"column":21}},"line":97},"13":{"name":"(anonymous_13)","decl":{"start":{"line":107,"column":31},"end":{"line":107,"column":32}},"loc":{"start":{"line":107,"column":37},"end":{"line":107,"column":91}},"line":107},"14":{"name":"(anonymous_14)","decl":{"start":{"line":116,"column":31},"end":{"line":116,"column":32}},"loc":{"start":{"line":116,"column":37},"end":{"line":116,"column":90}},"line":116},"15":{"name":"(anonymous_15)","decl":{"start":{"line":134,"column":26},"end":{"line":134,"column":27}},"loc":{"start":{"line":134,"column":41},"end":{"line":134,"column":48}},"line":134},"16":{"name":"(anonymous_16)","decl":{"start":{"line":135,"column":24},"end":{"line":135,"column":25}},"loc":{"start":{"line":136,"column":14},"end":{"line":159,"column":21}},"line":136},"17":{"name":"(anonymous_17)","decl":{"start":{"line":141,"column":57},"end":{"line":141,"column":58}},"loc":{"start":{"line":142,"column":22},"end":{"line":155,"column":41}},"line":142},"18":{"name":"(anonymous_18)","decl":{"start":{"line":145,"column":33},"end":{"line":145,"column":34}},"loc":{"start":{"line":145,"column":39},"end":{"line":152,"column":25}},"line":145},"19":{"name":"(anonymous_19)","decl":{"start":{"line":146,"column":59},"end":{"line":146,"column":60}},"loc":{"start":{"line":146,"column":71},"end":{"line":146,"column":89}},"line":146}},"branchMap":{"0":{"loc":{"start":{"line":34,"column":13},"end":{"line":34,"column":39}},"type":"binary-expr","locations":[{"start":{"line":34,"column":13},"end":{"line":34,"column":20}},{"start":{"line":34,"column":24},"end":{"line":34,"column":39}}],"line":34},"1":{"loc":{"start":{"line":51,"column":2},"end":{"line":61,"column":3}},"type":"if","locations":[{"start":{"line":51,"column":2},"end":{"line":61,"column":3}},{"start":{},"end":{}}],"line":51},"2":{"loc":{"start":{"line":63,"column":2},"end":{"line":71,"column":3}},"type":"if","locations":[{"start":{"line":63,"column":2},"end":{"line":71,"column":3}},{"start":{},"end":{}}],"line":63},"3":{"loc":{"start":{"line":77,"column":30},"end":{"line":77,"column":66}},"type":"binary-expr","locations":[{"start":{"line":77,"column":30},"end":{"line":77,"column":46}},{"start":{"line":77,"column":50},"end":{"line":77,"column":66}}],"line":77},"4":{"loc":{"start":{"line":80,"column":40},"end":{"line":80,"column":80}},"type":"binary-expr","locations":[{"start":{"line":80,"column":40},"end":{"line":80,"column":56}},{"start":{"line":80,"column":60},"end":{"line":80,"column":80}}],"line":80},"5":{"loc":{"start":{"line":83,"column":30},"end":{"line":83,"column":65}},"type":"binary-expr","locations":[{"start":{"line":83,"column":30},"end":{"line":83,"column":45}},{"start":{"line":83,"column":49},"end":{"line":83,"column":65}}],"line":83},"6":{"loc":{"start":{"line":86,"column":40},"end":{"line":86,"column":79}},"type":"binary-expr","locations":[{"start":{"line":86,"column":40},"end":{"line":86,"column":55}},{"start":{"line":86,"column":59},"end":{"line":86,"column":79}}],"line":86},"7":{"loc":{"start":{"line":90,"column":7},"end":{"line":127,"column":7}},"type":"binary-expr","locations":[{"start":{"line":90,"column":7},"end":{"line":90,"column":23}},{"start":{"line":91,"column":8},"end":{"line":126,"column":11}}],"line":90},"8":{"loc":{"start":{"line":92,"column":11},"end":{"line":92,"column":94}},"type":"binary-expr","locations":[{"start":{"line":92,"column":11},"end":{"line":92,"column":24}},{"start":{"line":92,"column":28},"end":{"line":92,"column":94}}],"line":92},"9":{"loc":{"start":{"line":94,"column":18},"end":{"line":94,"column":80}},"type":"binary-expr","locations":[{"start":{"line":94,"column":18},"end":{"line":94,"column":74}},{"start":{"line":94,"column":78},"end":{"line":94,"column":80}}],"line":94},"10":{"loc":{"start":{"line":99,"column":51},"end":{"line":99,"column":90}},"type":"binary-expr","locations":[{"start":{"line":99,"column":51},"end":{"line":99,"column":69}},{"start":{"line":99,"column":73},"end":{"line":99,"column":90}}],"line":99},"11":{"loc":{"start":{"line":100,"column":60},"end":{"line":100,"column":103}},"type":"binary-expr","locations":[{"start":{"line":100,"column":60},"end":{"line":100,"column":79}},{"start":{"line":100,"column":83},"end":{"line":100,"column":103}}],"line":100},"12":{"loc":{"start":{"line":129,"column":7},"end":{"line":164,"column":7}},"type":"binary-expr","locations":[{"start":{"line":129,"column":7},"end":{"line":129,"column":22}},{"start":{"line":130,"column":8},"end":{"line":163,"column":11}}],"line":129},"13":{"loc":{"start":{"line":131,"column":11},"end":{"line":131,"column":93}},"type":"binary-expr","locations":[{"start":{"line":131,"column":11},"end":{"line":131,"column":23}},{"start":{"line":131,"column":27},"end":{"line":131,"column":93}}],"line":131},"14":{"loc":{"start":{"line":133,"column":18},"end":{"line":133,"column":29}},"type":"binary-expr","locations":[{"start":{"line":133,"column":18},"end":{"line":133,"column":23}},{"start":{"line":133,"column":27},"end":{"line":133,"column":29}}],"line":133},"15":{"loc":{"start":{"line":138,"column":49},"end":{"line":138,"column":72}},"type":"binary-expr","locations":[{"start":{"line":138,"column":49},"end":{"line":138,"column":58}},{"start":{"line":138,"column":62},"end":{"line":138,"column":72}}],"line":138},"16":{"loc":{"start":{"line":144,"column":50},"end":{"line":144,"column":94}},"type":"binary-expr","locations":[{"start":{"line":144,"column":50},"end":{"line":144,"column":68}},{"start":{"line":144,"column":72},"end":{"line":144,"column":94}}],"line":144},"17":{"loc":{"start":{"line":146,"column":45},"end":{"line":146,"column":102}},"type":"binary-expr","locations":[{"start":{"line":146,"column":45},"end":{"line":146,"column":97}},{"start":{"line":146,"column":101},"end":{"line":146,"column":102}}],"line":146},"18":{"loc":{"start":{"line":147,"column":26},"end":{"line":150,"column":27}},"type":"if","locations":[{"start":{"line":147,"column":26},"end":{"line":150,"column":27}},{"start":{},"end":{}}],"line":147},"19":{"loc":{"start":{"line":147,"column":30},"end":{"line":147,"column":90}},"type":"binary-expr","locations":[{"start":{"line":147,"column":30},"end":{"line":147,"column":51}},{"start":{"line":147,"column":55},"end":{"line":147,"column":71}},{"start":{"line":147,"column":75},"end":{"line":147,"column":90}}],"line":147},"20":{"loc":{"start":{"line":154,"column":55},"end":{"line":154,"column":98}},"type":"binary-expr","locations":[{"start":{"line":154,"column":55},"end":{"line":154,"column":73}},{"start":{"line":154,"column":77},"end":{"line":154,"column":98}}],"line":154}},"s":{"0":28,"1":28,"2":28,"3":28,"4":28,"5":28,"6":12,"7":11,"8":28,"9":5,"10":5,"11":28,"12":2,"13":2,"14":28,"15":1,"16":1,"17":28,"18":2,"19":1,"20":26,"21":2,"22":24,"23":0,"24":4,"25":5,"26":5,"27":5,"28":1,"29":1,"30":9,"31":9,"32":27,"33":2,"34":4,"35":2,"36":1,"37":1,"38":1,"39":1},"f":{"0":28,"1":12,"2":5,"3":2,"4":2,"5":1,"6":1,"7":1,"8":0,"9":4,"10":5,"11":5,"12":5,"13":1,"14":1,"15":9,"16":9,"17":27,"18":2,"19":4},"b":{"0":[28,24],"1":[2,26],"2":[2,24],"3":[24,15],"4":[24,15],"5":[24,9],"6":[24,9],"7":[24,15],"8":[15,10],"9":[15,10],"10":[5,0],"11":[5,0],"12":[24,9],"13":[9,4],"14":[9,4],"15":[9,0],"16":[27,9],"17":[2,0],"18":[1,1],"19":[2,2,2],"20":[27,9]},"_coverageSchema":"1a1c01bbd47fc00a2c39e90264f33305004495a9","hash":"191f26e2c487cc857787c07cd2c9f0968ebf0307"}
,"/Users/iqboss/projects/daycare-finder-android/src/screens/ClaimDaycareScreen.tsx": {"path":"/Users/iqboss/projects/daycare-finder-android/src/screens/ClaimDaycareScreen.tsx","statementMap":{"0":{"start":{"line":10,"column":21},"end":{"line":10,"column":39}},"1":{"start":{"line":11,"column":28},"end":{"line":11,"column":40}},"2":{"start":{"line":12,"column":39},"end":{"line":12,"column":58}},"3":{"start":{"line":13,"column":24},"end":{"line":13,"column":41}},"4":{"start":{"line":15,"column":22},"end":{"line":24,"column":3}},"5":{"start":{"line":16,"column":4},"end":{"line":23,"column":5}},"6":{"start":{"line":17,"column":6},"end":{"line":17,"column":49}},"7":{"start":{"line":18,"column":6},"end":{"line":20,"column":9}},"8":{"start":{"line":19,"column":37},"end":{"line":19,"column":77}},"9":{"start":{"line":22,"column":6},"end":{"line":22,"column":84}},"10":{"start":{"line":26,"column":2},"end":{"line":77,"column":4}},"11":{"start":{"line":43,"column":37},"end":{"line":43,"column":44}},"12":{"start":{"line":45,"column":10},"end":{"line":68,"column":17}},"13":{"start":{"line":59,"column":33},"end":{"line":59,"column":53}},"14":{"start":{"line":80,"column":15},"end":{"line":92,"column":2}}},"fnMap":{"0":{"name":"ClaimDaycareScreen","decl":{"start":{"line":9,"column":24},"end":{"line":9,"column":42}},"loc":{"start":{"line":9,"column":45},"end":{"line":78,"column":1}},"line":9},"1":{"name":"(anonymous_1)","decl":{"start":{"line":15,"column":22},"end":{"line":15,"column":23}},"loc":{"start":{"line":15,"column":51},"end":{"line":24,"column":3}},"line":15},"2":{"name":"(anonymous_2)","decl":{"start":{"line":19,"column":31},"end":{"line":19,"column":32}},"loc":{"start":{"line":19,"column":37},"end":{"line":19,"column":77}},"line":19},"3":{"name":"(anonymous_3)","decl":{"start":{"line":43,"column":22},"end":{"line":43,"column":23}},"loc":{"start":{"line":43,"column":37},"end":{"line":43,"column":44}},"line":43},"4":{"name":"(anonymous_4)","decl":{"start":{"line":44,"column":20},"end":{"line":44,"column":21}},"loc":{"start":{"line":45,"column":10},"end":{"line":68,"column":17}},"line":45},"5":{"name":"(anonymous_5)","decl":{"start":{"line":59,"column":27},"end":{"line":59,"column":28}},"loc":{"start":{"line":59,"column":33},"end":{"line":59,"column":53}},"line":59}},"branchMap":{"0":{"loc":{"start":{"line":22,"column":27},"end":{"line":22,"column":82}},"type":"binary-expr","locations":[{"start":{"line":22,"column":27},"end":{"line":22,"column":54}},{"start":{"line":22,"column":58},"end":{"line":22,"column":82}}],"line":22},"1":{"loc":{"start":{"line":39,"column":7},"end":{"line":39,"column":86}},"type":"binary-expr","locations":[{"start":{"line":39,"column":7},"end":{"line":39,"column":16}},{"start":{"line":39,"column":20},"end":{"line":39,"column":86}}],"line":39},"2":{"loc":{"start":{"line":42,"column":14},"end":{"line":42,"column":27}},"type":"binary-expr","locations":[{"start":{"line":42,"column":14},"end":{"line":42,"column":21}},{"start":{"line":42,"column":25},"end":{"line":42,"column":27}}],"line":42},"3":{"loc":{"start":{"line":49,"column":15},"end":{"line":49,"column":77}},"type":"binary-expr","locations":[{"start":{"line":49,"column":15},"end":{"line":49,"column":25}},{"start":{"line":49,"column":29},"end":{"line":49,"column":77}}],"line":49},"4":{"loc":{"start":{"line":51,"column":17},"end":{"line":51,"column":87}},"type":"binary-expr","locations":[{"start":{"line":51,"column":17},"end":{"line":51,"column":33}},{"start":{"line":51,"column":37},"end":{"line":51,"column":87}}],"line":51},"5":{"loc":{"start":{"line":52,"column":17},"end":{"line":52,"column":91}},"type":"binary-expr","locations":[{"start":{"line":52,"column":17},"end":{"line":52,"column":30}},{"start":{"line":52,"column":34},"end":{"line":52,"column":91}}],"line":52},"6":{"loc":{"start":{"line":54,"column":15},"end":{"line":66,"column":15}},"type":"cond-expr","locations":[{"start":{"line":55,"column":16},"end":{"line":55,"column":105}},{"start":{"line":57,"column":16},"end":{"line":65,"column":25}}],"line":54},"7":{"loc":{"start":{"line":71,"column":10},"end":{"line":73,"column":18}},"type":"cond-expr","locations":[{"start":{"line":72,"column":12},"end":{"line":72,"column":87}},{"start":{"line":73,"column":14},"end":{"line":73,"column":18}}],"line":71},"8":{"loc":{"start":{"line":71,"column":10},"end":{"line":71,"column":41}},"type":"binary-expr","locations":[{"start":{"line":71,"column":10},"end":{"line":71,"column":27}},{"start":{"line":71,"column":31},"end":{"line":71,"column":41}}],"line":71}},"s":{"0":15,"1":15,"2":15,"3":15,"4":15,"5":4,"6":4,"7":2,"8":1,"9":2,"10":15,"11":9,"12":9,"13":4,"14":1},"f":{"0":15,"1":4,"2":1,"3":9,"4":9,"5":4},"b":{"0":[2,1],"1":[15,2],"2":[15,0],"3":[9,2],"4":[9,2],"5":[9,2],"6":[1,8],"7":[1,14],"8":[15,2]},"_coverageSchema":"1a1c01bbd47fc00a2c39e90264f33305004495a9","hash":"407c8a494576f056fae1fea759d8c88a3433ff4b"}
,"/Users/iqboss/projects/daycare-finder-android/src/screens/DaycareDetailScreen.tsx": {"path":"/Users/iqboss/projects/daycare-finder-android/src/screens/DaycareDetailScreen.tsx","statementMap":{"0":{"start":{"line":12,"column":16},"end":{"line":12,"column":26}},"1":{"start":{"line":13,"column":17},"end":{"line":13,"column":47}},"2":{"start":{"line":14,"column":39},"end":{"line":14,"column":53}},"3":{"start":{"line":15,"column":19},"end":{"line":15,"column":28}},"4":{"start":{"line":17,"column":18},"end":{"line":17,"column":88}},"5":{"start":{"line":18,"column":18},"end":{"line":18,"column":40}},"6":{"start":{"line":20,"column":18},"end":{"line":25,"column":3}},"7":{"start":{"line":21,"column":4},"end":{"line":24,"column":5}},"8":{"start":{"line":22,"column":18},"end":{"line":22,"column":97}},"9":{"start":{"line":23,"column":6},"end":{"line":23,"column":27}},"10":{"start":{"line":27,"column":20},"end":{"line":29,"column":3}},"11":{"start":{"line":28,"column":4},"end":{"line":28,"column":64}},"12":{"start":{"line":28,"column":24},"end":{"line":28,"column":64}},"13":{"start":{"line":31,"column":20},"end":{"line":33,"column":3}},"14":{"start":{"line":32,"column":4},"end":{"line":32,"column":67}},"15":{"start":{"line":32,"column":24},"end":{"line":32,"column":67}},"16":{"start":{"line":35,"column":22},"end":{"line":37,"column":3}},"17":{"start":{"line":36,"column":4},"end":{"line":36,"column":59}},"18":{"start":{"line":36,"column":26},"end":{"line":36,"column":59}},"19":{"start":{"line":39,"column":2},"end":{"line":46,"column":3}},"20":{"start":{"line":40,"column":4},"end":{"line":45,"column":6}},"21":{"start":{"line":48,"column":2},"end":{"line":173,"column":4}},"22":{"start":{"line":131,"column":14},"end":{"line":134,"column":21}},"23":{"start":{"line":145,"column":14},"end":{"line":145,"column":67}},"24":{"start":{"line":163,"column":22},"end":{"line":163,"column":71}},"25":{"start":{"line":177,"column":2},"end":{"line":182,"column":4}},"26":{"start":{"line":185,"column":15},"end":{"line":216,"column":2}}},"fnMap":{"0":{"name":"DaycareDetailScreen","decl":{"start":{"line":11,"column":24},"end":{"line":11,"column":43}},"loc":{"start":{"line":11,"column":46},"end":{"line":174,"column":1}},"line":11},"1":{"name":"(anonymous_1)","decl":{"start":{"line":20,"column":18},"end":{"line":20,"column":19}},"loc":{"start":{"line":20,"column":24},"end":{"line":25,"column":3}},"line":20},"2":{"name":"(anonymous_2)","decl":{"start":{"line":27,"column":20},"end":{"line":27,"column":21}},"loc":{"start":{"line":27,"column":26},"end":{"line":29,"column":3}},"line":27},"3":{"name":"(anonymous_3)","decl":{"start":{"line":31,"column":20},"end":{"line":31,"column":21}},"loc":{"start":{"line":31,"column":26},"end":{"line":33,"column":3}},"line":31},"4":{"name":"(anonymous_4)","decl":{"start":{"line":35,"column":22},"end":{"line":35,"column":23}},"loc":{"start":{"line":35,"column":28},"end":{"line":37,"column":3}},"line":35},"5":{"name":"(anonymous_5)","decl":{"start":{"line":130,"column":47},"end":{"line":130,"column":48}},"loc":{"start":{"line":131,"column":14},"end":{"line":134,"column":21}},"line":131},"6":{"name":"(anonymous_6)","decl":{"start":{"line":144,"column":40},"end":{"line":144,"column":41}},"loc":{"start":{"line":145,"column":14},"end":{"line":145,"column":67}},"line":145},"7":{"name":"(anonymous_7)","decl":{"start":{"line":163,"column":16},"end":{"line":163,"column":17}},"loc":{"start":{"line":163,"column":22},"end":{"line":163,"column":71}},"line":163},"8":{"name":"(anonymous_8)","decl":{"start":{"line":164,"column":19},"end":{"line":164,"column":20}},"loc":{"start":{"line":164,"column":25},"end":{"line":164,"column":77}},"line":164},"9":{"name":"InfoRow","decl":{"start":{"line":176,"column":9},"end":{"line":176,"column":16}},"loc":{"start":{"line":176,"column":69},"end":{"line":183,"column":1}},"line":176}},"branchMap":{"0":{"loc":{"start":{"line":17,"column":18},"end":{"line":17,"column":88}},"type":"binary-expr","locations":[{"start":{"line":17,"column":18},"end":{"line":17,"column":43}},{"start":{"line":17,"column":47},"end":{"line":17,"column":88}}],"line":17},"1":{"loc":{"start":{"line":21,"column":4},"end":{"line":24,"column":5}},"type":"if","locations":[{"start":{"line":21,"column":4},"end":{"line":24,"column":5}},{"start":{},"end":{}}],"line":21},"2":{"loc":{"start":{"line":28,"column":4},"end":{"line":28,"column":64}},"type":"if","locations":[{"start":{"line":28,"column":4},"end":{"line":28,"column":64}},{"start":{},"end":{}}],"line":28},"3":{"loc":{"start":{"line":32,"column":4},"end":{"line":32,"column":67}},"type":"if","locations":[{"start":{"line":32,"column":4},"end":{"line":32,"column":67}},{"start":{},"end":{}}],"line":32},"4":{"loc":{"start":{"line":36,"column":4},"end":{"line":36,"column":59}},"type":"if","locations":[{"start":{"line":36,"column":4},"end":{"line":36,"column":59}},{"start":{},"end":{}}],"line":36},"5":{"loc":{"start":{"line":39,"column":2},"end":{"line":46,"column":3}},"type":"if","locations":[{"start":{"line":39,"column":2},"end":{"line":46,"column":3}},{"start":{},"end":{}}],"line":39},"6":{"loc":{"start":{"line":39,"column":6},"end":{"line":39,"column":27}},"type":"binary-expr","locations":[{"start":{"line":39,"column":6},"end":{"line":39,"column":15}},{"start":{"line":39,"column":19},"end":{"line":39,"column":27}}],"line":39},"7":{"loc":{"start":{"line":50,"column":7},"end":{"line":56,"column":7}},"type":"cond-expr","locations":[{"start":{"line":51,"column":8},"end":{"line":51,"column":97}},{"start":{"line":53,"column":8},"end":{"line":55,"column":15}}],"line":50},"8":{"loc":{"start":{"line":62,"column":13},"end":{"line":67,"column":13}},"type":"binary-expr","locations":[{"start":{"line":62,"column":13},"end":{"line":62,"column":28}},{"start":{"line":63,"column":14},"end":{"line":66,"column":21}}],"line":62},"9":{"loc":{"start":{"line":72,"column":71},"end":{"line":72,"column":112}},"type":"cond-expr","locations":[{"start":{"line":72,"column":87},"end":{"line":72,"column":107}},{"start":{"line":72,"column":110},"end":{"line":72,"column":112}}],"line":72},"10":{"loc":{"start":{"line":72,"column":115},"end":{"line":72,"column":136}},"type":"binary-expr","locations":[{"start":{"line":72,"column":115},"end":{"line":72,"column":130}},{"start":{"line":72,"column":134},"end":{"line":72,"column":136}}],"line":72},"11":{"loc":{"start":{"line":74,"column":9},"end":{"line":80,"column":9}},"type":"binary-expr","locations":[{"start":{"line":74,"column":9},"end":{"line":74,"column":23}},{"start":{"line":75,"column":10},"end":{"line":79,"column":17}}],"line":74},"12":{"loc":{"start":{"line":78,"column":47},"end":{"line":78,"column":82}},"type":"binary-expr","locations":[{"start":{"line":78,"column":47},"end":{"line":78,"column":77}},{"start":{"line":78,"column":81},"end":{"line":78,"column":82}}],"line":78},"13":{"loc":{"start":{"line":84,"column":9},"end":{"line":89,"column":9}},"type":"binary-expr","locations":[{"start":{"line":84,"column":9},"end":{"line":84,"column":22}},{"start":{"line":85,"column":10},"end":{"line":88,"column":29}}],"line":84},"14":{"loc":{"start":{"line":90,"column":9},"end":{"line":95,"column":9}},"type":"binary-expr","locations":[{"start":{"line":90,"column":9},"end":{"line":90,"column":22}},{"start":{"line":91,"column":10},"end":{"line":94,"column":29}}],"line":90},"15":{"loc":{"start":{"line":96,"column":9},"end":{"line":101,"column":9}},"type":"binary-expr","locations":[{"start":{"line":96,"column":9},"end":{"line":96,"column":24}},{"start":{"line":97,"column":10},"end":{"line":100,"column":29}}],"line":96},"16":{"loc":{"start":{"line":104,"column":7},"end":{"line":111,"column":7}},"type":"binary-expr","locations":[{"start":{"line":104,"column":7},"end":{"line":104,"column":26}},{"start":{"line":105,"column":8},"end":{"line":110,"column":15}}],"line":104},"17":{"loc":{"start":{"line":117,"column":13},"end":{"line":117,"column":95}},"type":"binary-expr","locations":[{"start":{"line":117,"column":13},"end":{"line":117,"column":34}},{"start":{"line":117,"column":38},"end":{"line":117,"column":95}}],"line":117},"18":{"loc":{"start":{"line":118,"column":13},"end":{"line":118,"column":100}},"type":"binary-expr","locations":[{"start":{"line":118,"column":13},"end":{"line":118,"column":29}},{"start":{"line":118,"column":33},"end":{"line":118,"column":100}}],"line":118},"19":{"loc":{"start":{"line":119,"column":13},"end":{"line":119,"column":96}},"type":"binary-expr","locations":[{"start":{"line":119,"column":13},"end":{"line":119,"column":32}},{"start":{"line":119,"column":36},"end":{"line":119,"column":96}}],"line":119},"20":{"loc":{"start":{"line":120,"column":13},"end":{"line":120,"column":96}},"type":"binary-expr","locations":[{"start":{"line":120,"column":13},"end":{"line":120,"column":35}},{"start":{"line":120,"column":39},"end":{"line":120,"column":96}}],"line":120},"21":{"loc":{"start":{"line":121,"column":13},"end":{"line":121,"column":93}},"type":"binary-expr","locations":[{"start":{"line":121,"column":13},"end":{"line":121,"column":31}},{"start":{"line":121,"column":35},"end":{"line":121,"column":93}}],"line":121},"22":{"loc":{"start":{"line":126,"column":7},"end":{"line":138,"column":7}},"type":"binary-expr","locations":[{"start":{"line":126,"column":7},"end":{"line":126,"column":20}},{"start":{"line":126,"column":24},"end":{"line":126,"column":61}},{"start":{"line":127,"column":8},"end":{"line":137,"column":15}}],"line":126},"23":{"loc":{"start":{"line":140,"column":7},"end":{"line":149,"column":7}},"type":"binary-expr","locations":[{"start":{"line":140,"column":7},"end":{"line":140,"column":41}},{"start":{"line":141,"column":8},"end":{"line":148,"column":15}}],"line":140},"24":{"loc":{"start":{"line":160,"column":7},"end":{"line":169,"column":7}},"type":"binary-expr","locations":[{"start":{"line":160,"column":8},"end":{"line":160,"column":15}},{"start":{"line":160,"column":19},"end":{"line":160,"column":26}},{"start":{"line":161,"column":8},"end":{"line":168,"column":17}}],"line":160}},"s":{"0":23,"1":23,"2":23,"3":23,"4":23,"5":23,"6":23,"7":0,"8":0,"9":0,"10":23,"11":1,"12":1,"13":23,"14":0,"15":0,"16":23,"17":0,"18":0,"19":23,"20":2,"21":21,"22":42,"23":42,"24":0,"25":105,"26":1},"f":{"0":23,"1":0,"2":1,"3":0,"4":0,"5":42,"6":42,"7":0,"8":0,"9":105},"b":{"0":[23,2],"1":[0,0],"2":[1,0],"3":[0,0],"4":[0,0],"5":[2,21],"6":[23,22],"7":[20,1],"8":[21,18],"9":[20,1],"10":[21,1],"11":[21,20],"12":[20,0],"13":[21,20],"14":[21,20],"15":[21,20],"16":[21,20],"17":[21,21],"18":[21,21],"19":[21,21],"20":[21,21],"21":[21,21],"22":[21,21,21],"23":[21,21],"24":[21,20,2]},"_coverageSchema":"1a1c01bbd47fc00a2c39e90264f33305004495a9","hash":"007b925b2521a9ac19b1d7d7cf49491dd868e44e"}
,"/Users/iqboss/projects/daycare-finder-android/src/screens/EditListingScreen.tsx": {"path":"/Users/iqboss/projects/daycare-finder-android/src/screens/EditListingScreen.tsx","statementMap":{"0":{"start":{"line":13,"column":16},"end":{"line":13,"column":26}},"1":{"start":{"line":14,"column":21},"end":{"line":14,"column":39}},"2":{"start":{"line":15,"column":17},"end":{"line":15,"column":47}},"3":{"start":{"line":16,"column":39},"end":{"line":16,"column":53}},"4":{"start":{"line":17,"column":17},"end":{"line":17,"column":35}},"5":{"start":{"line":18,"column":17},"end":{"line":18,"column":33}},"6":{"start":{"line":20,"column":40},"end":{"line":20,"column":52}},"7":{"start":{"line":21,"column":28},"end":{"line":21,"column":40}},"8":{"start":{"line":22,"column":32},"end":{"line":22,"column":44}},"9":{"start":{"line":23,"column":38},"end":{"line":23,"column":50}},"10":{"start":{"line":25,"column":2},"end":{"line":32,"column":16}},"11":{"start":{"line":26,"column":4},"end":{"line":31,"column":5}},"12":{"start":{"line":27,"column":6},"end":{"line":27,"column":48}},"13":{"start":{"line":28,"column":6},"end":{"line":28,"column":36}},"14":{"start":{"line":29,"column":6},"end":{"line":29,"column":40}},"15":{"start":{"line":30,"column":6},"end":{"line":30,"column":46}},"16":{"start":{"line":34,"column":21},"end":{"line":41,"column":3}},"17":{"start":{"line":35,"column":4},"end":{"line":40,"column":5}},"18":{"start":{"line":36,"column":6},"end":{"line":36,"column":90}},"19":{"start":{"line":37,"column":6},"end":{"line":37,"column":61}},"20":{"start":{"line":39,"column":6},"end":{"line":39,"column":78}},"21":{"start":{"line":43,"column":26},"end":{"line":58,"column":3}},"22":{"start":{"line":44,"column":19},"end":{"line":48,"column":6}},"23":{"start":{"line":50,"column":4},"end":{"line":57,"column":5}},"24":{"start":{"line":51,"column":6},"end":{"line":56,"column":7}},"25":{"start":{"line":52,"column":8},"end":{"line":52,"column":79}},"26":{"start":{"line":53,"column":8},"end":{"line":53,"column":49}},"27":{"start":{"line":55,"column":8},"end":{"line":55,"column":80}},"28":{"start":{"line":60,"column":2},"end":{"line":66,"column":3}},"29":{"start":{"line":61,"column":4},"end":{"line":65,"column":6}},"30":{"start":{"line":68,"column":2},"end":{"line":141,"column":4}},"31":{"start":{"line":120,"column":14},"end":{"line":120,"column":81}},"32":{"start":{"line":144,"column":15},"end":{"line":159,"column":2}}},"fnMap":{"0":{"name":"EditListingScreen","decl":{"start":{"line":12,"column":24},"end":{"line":12,"column":41}},"loc":{"start":{"line":12,"column":44},"end":{"line":142,"column":1}},"line":12},"1":{"name":"(anonymous_1)","decl":{"start":{"line":25,"column":12},"end":{"line":25,"column":13}},"loc":{"start":{"line":25,"column":18},"end":{"line":32,"column":3}},"line":25},"2":{"name":"(anonymous_2)","decl":{"start":{"line":34,"column":21},"end":{"line":34,"column":22}},"loc":{"start":{"line":34,"column":33},"end":{"line":41,"column":3}},"line":34},"3":{"name":"(anonymous_3)","decl":{"start":{"line":43,"column":26},"end":{"line":43,"column":27}},"loc":{"start":{"line":43,"column":38},"end":{"line":58,"column":3}},"line":43},"4":{"name":"(anonymous_4)","decl":{"start":{"line":119,"column":33},"end":{"line":119,"column":34}},"loc":{"start":{"line":120,"column":14},"end":{"line":120,"column":81}},"line":120}},"branchMap":{"0":{"loc":{"start":{"line":26,"column":4},"end":{"line":31,"column":5}},"type":"if","locations":[{"start":{"line":26,"column":4},"end":{"line":31,"column":5}},{"start":{},"end":{}}],"line":26},"1":{"loc":{"start":{"line":27,"column":21},"end":{"line":27,"column":46}},"type":"binary-expr","locations":[{"start":{"line":27,"column":21},"end":{"line":27,"column":40}},{"start":{"line":27,"column":44},"end":{"line":27,"column":46}}],"line":27},"2":{"loc":{"start":{"line":28,"column":15},"end":{"line":28,"column":34}},"type":"binary-expr","locations":[{"start":{"line":28,"column":15},"end":{"line":28,"column":28}},{"start":{"line":28,"column":32},"end":{"line":28,"column":34}}],"line":28},"3":{"loc":{"start":{"line":29,"column":17},"end":{"line":29,"column":38}},"type":"binary-expr","locations":[{"start":{"line":29,"column":17},"end":{"line":29,"column":32}},{"start":{"line":29,"column":36},"end":{"line":29,"column":38}}],"line":29},"4":{"loc":{"start":{"line":30,"column":20},"end":{"line":30,"column":44}},"type":"binary-expr","locations":[{"start":{"line":30,"column":20},"end":{"line":30,"column":38}},{"start":{"line":30,"column":42},"end":{"line":30,"column":44}}],"line":30},"5":{"loc":{"start":{"line":39,"column":27},"end":{"line":39,"column":76}},"type":"binary-expr","locations":[{"start":{"line":39,"column":27},"end":{"line":39,"column":54}},{"start":{"line":39,"column":58},"end":{"line":39,"column":76}}],"line":39},"6":{"loc":{"start":{"line":50,"column":4},"end":{"line":57,"column":5}},"type":"if","locations":[{"start":{"line":50,"column":4},"end":{"line":57,"column":5}},{"start":{},"end":{}}],"line":50},"7":{"loc":{"start":{"line":50,"column":8},"end":{"line":50,"column":44}},"type":"binary-expr","locations":[{"start":{"line":50,"column":8},"end":{"line":50,"column":24}},{"start":{"line":50,"column":28},"end":{"line":50,"column":44}}],"line":50},"8":{"loc":{"start":{"line":55,"column":29},"end":{"line":55,"column":78}},"type":"binary-expr","locations":[{"start":{"line":55,"column":29},"end":{"line":55,"column":56}},{"start":{"line":55,"column":60},"end":{"line":55,"column":78}}],"line":55},"9":{"loc":{"start":{"line":60,"column":2},"end":{"line":66,"column":3}},"type":"if","locations":[{"start":{"line":60,"column":2},"end":{"line":66,"column":3}},{"start":{},"end":{}}],"line":60},"10":{"loc":{"start":{"line":60,"column":6},"end":{"line":60,"column":27}},"type":"binary-expr","locations":[{"start":{"line":60,"column":6},"end":{"line":60,"column":15}},{"start":{"line":60,"column":19},"end":{"line":60,"column":27}}],"line":60},"11":{"loc":{"start":{"line":110,"column":48},"end":{"line":110,"column":80}},"type":"binary-expr","locations":[{"start":{"line":110,"column":48},"end":{"line":110,"column":61}},{"start":{"line":110,"column":65},"end":{"line":110,"column":80}}],"line":110}},"s":{"0":49,"1":49,"2":49,"3":49,"4":49,"5":49,"6":49,"7":49,"8":49,"9":49,"10":49,"11":22,"12":19,"13":19,"14":19,"15":19,"16":49,"17":3,"18":3,"19":1,"20":2,"21":49,"22":5,"23":5,"24":4,"25":4,"26":2,"27":2,"28":49,"29":3,"30":46,"31":92,"32":1},"f":{"0":49,"1":22,"2":3,"3":5,"4":92},"b":{"0":[19,3],"1":[19,0],"2":[19,0],"3":[19,0],"4":[19,0],"5":[2,1],"6":[4,1],"7":[5,4],"8":[2,1],"9":[3,46],"10":[49,47],"11":[46,2]},"_coverageSchema":"1a1c01bbd47fc00a2c39e90264f33305004495a9","hash":"eaa4bdfc0c01ed99e92bd6f9c19e46b2a1e0b182"}
,"/Users/iqboss/projects/daycare-finder-android/src/screens/FavoritesScreen.tsx": {"path":"/Users/iqboss/projects/daycare-finder-android/src/screens/FavoritesScreen.tsx","statementMap":{"0":{"start":{"line":12,"column":21},"end":{"line":12,"column":39}},"1":{"start":{"line":13,"column":30},"end":{"line":13,"column":39}},"2":{"start":{"line":14,"column":41},"end":{"line":14,"column":55}},"3":{"start":{"line":16,"column":2},"end":{"line":26,"column":3}},"4":{"start":{"line":17,"column":4},"end":{"line":25,"column":6}},"5":{"start":{"line":21,"column":48},"end":{"line":21,"column":84}},"6":{"start":{"line":28,"column":2},"end":{"line":34,"column":3}},"7":{"start":{"line":29,"column":4},"end":{"line":33,"column":6}},"8":{"start":{"line":36,"column":2},"end":{"line":47,"column":3}},"9":{"start":{"line":37,"column":4},"end":{"line":46,"column":6}},"10":{"start":{"line":42,"column":48},"end":{"line":42,"column":77}},"11":{"start":{"line":49,"column":2},"end":{"line":64,"column":4}},"12":{"start":{"line":54,"column":32},"end":{"line":54,"column":39}},"13":{"start":{"line":56,"column":10},"end":{"line":59,"column":12}},"14":{"start":{"line":58,"column":27},"end":{"line":58,"column":80}},"15":{"start":{"line":67,"column":15},"end":{"line":75,"column":2}}},"fnMap":{"0":{"name":"FavoritesScreen","decl":{"start":{"line":11,"column":24},"end":{"line":11,"column":39}},"loc":{"start":{"line":11,"column":42},"end":{"line":65,"column":1}},"line":11},"1":{"name":"(anonymous_1)","decl":{"start":{"line":21,"column":42},"end":{"line":21,"column":43}},"loc":{"start":{"line":21,"column":48},"end":{"line":21,"column":84}},"line":21},"2":{"name":"(anonymous_2)","decl":{"start":{"line":42,"column":42},"end":{"line":42,"column":43}},"loc":{"start":{"line":42,"column":48},"end":{"line":42,"column":77}},"line":42},"3":{"name":"(anonymous_3)","decl":{"start":{"line":54,"column":22},"end":{"line":54,"column":23}},"loc":{"start":{"line":54,"column":32},"end":{"line":54,"column":39}},"line":54},"4":{"name":"(anonymous_4)","decl":{"start":{"line":55,"column":20},"end":{"line":55,"column":21}},"loc":{"start":{"line":56,"column":10},"end":{"line":59,"column":12}},"line":56},"5":{"name":"(anonymous_5)","decl":{"start":{"line":58,"column":21},"end":{"line":58,"column":22}},"loc":{"start":{"line":58,"column":27},"end":{"line":58,"column":80}},"line":58}},"branchMap":{"0":{"loc":{"start":{"line":16,"column":2},"end":{"line":26,"column":3}},"type":"if","locations":[{"start":{"line":16,"column":2},"end":{"line":26,"column":3}},{"start":{},"end":{}}],"line":16},"1":{"loc":{"start":{"line":28,"column":2},"end":{"line":34,"column":3}},"type":"if","locations":[{"start":{"line":28,"column":2},"end":{"line":34,"column":3}},{"start":{},"end":{}}],"line":28},"2":{"loc":{"start":{"line":36,"column":2},"end":{"line":47,"column":3}},"type":"if","locations":[{"start":{"line":36,"column":2},"end":{"line":47,"column":3}},{"start":{},"end":{}}],"line":36}},"s":{"0":9,"1":9,"2":9,"3":9,"4":3,"5":1,"6":6,"7":1,"8":5,"9":2,"10":1,"11":3,"12":6,"13":6,"14":1,"15":1},"f":{"0":9,"1":1,"2":1,"3":6,"4":6,"5":1},"b":{"0":[3,6],"1":[1,5],"2":[2,3]},"_coverageSchema":"1a1c01bbd47fc00a2c39e90264f33305004495a9","hash":"06b1e39d8537811a9740b6b55ca5ecb55980c90e"}
,"/Users/iqboss/projects/daycare-finder-android/src/screens/LandingScreen.tsx": {"path":"/Users/iqboss/projects/daycare-finder-android/src/screens/LandingScreen.tsx","statementMap":{"0":{"start":{"line":9,"column":21},"end":{"line":9,"column":39}},"1":{"start":{"line":10,"column":2},"end":{"line":54,"column":4}},"2":{"start":{"line":21,"column":22},"end":{"line":21,"column":71}},"3":{"start":{"line":22,"column":25},"end":{"line":22,"column":54}},"4":{"start":{"line":31,"column":22},"end":{"line":31,"column":83}},"5":{"start":{"line":32,"column":25},"end":{"line":32,"column":65}},"6":{"start":{"line":46,"column":10},"end":{"line":50,"column":17}},"7":{"start":{"line":57,"column":15},"end":{"line":70,"column":2}}},"fnMap":{"0":{"name":"LandingScreen","decl":{"start":{"line":8,"column":24},"end":{"line":8,"column":37}},"loc":{"start":{"line":8,"column":40},"end":{"line":55,"column":1}},"line":8},"1":{"name":"(anonymous_1)","decl":{"start":{"line":21,"column":16},"end":{"line":21,"column":17}},"loc":{"start":{"line":21,"column":22},"end":{"line":21,"column":71}},"line":21},"2":{"name":"(anonymous_2)","decl":{"start":{"line":22,"column":19},"end":{"line":22,"column":20}},"loc":{"start":{"line":22,"column":25},"end":{"line":22,"column":54}},"line":22},"3":{"name":"(anonymous_3)","decl":{"start":{"line":31,"column":16},"end":{"line":31,"column":17}},"loc":{"start":{"line":31,"column":22},"end":{"line":31,"column":83}},"line":31},"4":{"name":"(anonymous_4)","decl":{"start":{"line":32,"column":19},"end":{"line":32,"column":20}},"loc":{"start":{"line":32,"column":25},"end":{"line":32,"column":65}},"line":32},"5":{"name":"(anonymous_5)","decl":{"start":{"line":45,"column":14},"end":{"line":45,"column":15}},"loc":{"start":{"line":46,"column":10},"end":{"line":50,"column":17}},"line":46}},"branchMap":{},"s":{"0":4,"1":4,"2":0,"3":1,"4":0,"5":1,"6":12,"7":1},"f":{"0":4,"1":0,"2":1,"3":0,"4":1,"5":12},"b":{},"_coverageSchema":"1a1c01bbd47fc00a2c39e90264f33305004495a9","hash":"1c6cd4a7846c15b8daebfa038529ef355768c703"}
,"/Users/iqboss/projects/daycare-finder-android/src/screens/MapScreen.tsx": {"path":"/Users/iqboss/projects/daycare-finder-android/src/screens/MapScreen.tsx","statementMap":{"0":{"start":{"line":11,"column":21},"end":{"line":11,"column":39}},"1":{"start":{"line":12,"column":16},"end":{"line":12,"column":26}},"2":{"start":{"line":13,"column":33},"end":{"line":13,"column":106}},"3":{"start":{"line":15,"column":32},"end":{"line":20,"column":3}},"4":{"start":{"line":22,"column":2},"end":{"line":44,"column":4}},"5":{"start":{"line":26,"column":10},"end":{"line":32,"column":12}},"6":{"start":{"line":31,"column":34},"end":{"line":31,"column":90}},"7":{"start":{"line":36,"column":65},"end":{"line":36,"column":84}},"8":{"start":{"line":47,"column":15},"end":{"line":53,"column":2}}},"fnMap":{"0":{"name":"MapScreen","decl":{"start":{"line":10,"column":24},"end":{"line":10,"column":33}},"loc":{"start":{"line":10,"column":36},"end":{"line":45,"column":1}},"line":10},"1":{"name":"(anonymous_1)","decl":{"start":{"line":25,"column":22},"end":{"line":25,"column":23}},"loc":{"start":{"line":26,"column":10},"end":{"line":32,"column":12}},"line":26},"2":{"name":"(anonymous_2)","decl":{"start":{"line":31,"column":28},"end":{"line":31,"column":29}},"loc":{"start":{"line":31,"column":34},"end":{"line":31,"column":90}},"line":31},"3":{"name":"(anonymous_3)","decl":{"start":{"line":36,"column":59},"end":{"line":36,"column":60}},"loc":{"start":{"line":36,"column":65},"end":{"line":36,"column":84}},"line":36}},"branchMap":{"0":{"loc":{"start":{"line":16,"column":14},"end":{"line":16,"column":28}},"type":"binary-expr","locations":[{"start":{"line":16,"column":14},"end":{"line":16,"column":17}},{"start":{"line":16,"column":21},"end":{"line":16,"column":28}}],"line":16},"1":{"loc":{"start":{"line":17,"column":15},"end":{"line":17,"column":30}},"type":"binary-expr","locations":[{"start":{"line":17,"column":15},"end":{"line":17,"column":18}},{"start":{"line":17,"column":22},"end":{"line":17,"column":30}}],"line":17}},"s":{"0":6,"1":6,"2":6,"3":6,"4":6,"5":7,"6":0,"7":1,"8":1},"f":{"0":6,"1":7,"2":0,"3":1},"b":{"0":[6,1],"1":[6,1]},"_coverageSchema":"1a1c01bbd47fc00a2c39e90264f33305004495a9","hash":"38aecbfde7d8fa2e7f289c0e60ad54ebadf02308"}
,"/Users/iqboss/projects/daycare-finder-android/src/screens/ProviderDashboardScreen.tsx": {"path":"/Users/iqboss/projects/daycare-finder-android/src/screens/ProviderDashboardScreen.tsx","statementMap":{"0":{"start":{"line":13,"column":21},"end":{"line":13,"column":39}},"1":{"start":{"line":14,"column":44},"end":{"line":14,"column":53}},"2":{"start":{"line":15,"column":55},"end":{"line":15,"column":75}},"3":{"start":{"line":16,"column":30},"end":{"line":16,"column":44}},"4":{"start":{"line":18,"column":2},"end":{"line":29,"column":3}},"5":{"start":{"line":19,"column":4},"end":{"line":28,"column":6}},"6":{"start":{"line":24,"column":48},"end":{"line":24,"column":84}},"7":{"start":{"line":31,"column":2},"end":{"line":126,"column":4}},"8":{"start":{"line":44,"column":10},"end":{"line":47,"column":13}},"9":{"start":{"line":46,"column":69},"end":{"line":46,"column":77}},"10":{"start":{"line":56,"column":22},"end":{"line":56,"column":75}},"11":{"start":{"line":57,"column":25},"end":{"line":57,"column":60}},"12":{"start":{"line":69,"column":36},"end":{"line":69,"column":43}},"13":{"start":{"line":71,"column":14},"end":{"line":71,"column":140}},"14":{"start":{"line":71,"column":83},"end":{"line":71,"column":136}},"15":{"start":{"line":87,"column":53},"end":{"line":87,"column":88}},"16":{"start":{"line":95,"column":10},"end":{"line":122,"column":17}},"17":{"start":{"line":103,"column":33},"end":{"line":103,"column":87}},"18":{"start":{"line":112,"column":20},"end":{"line":115,"column":23}},"19":{"start":{"line":129,"column":15},"end":{"line":152,"column":2}}},"fnMap":{"0":{"name":"ProviderDashboardScreen","decl":{"start":{"line":12,"column":24},"end":{"line":12,"column":47}},"loc":{"start":{"line":12,"column":50},"end":{"line":127,"column":1}},"line":12},"1":{"name":"(anonymous_1)","decl":{"start":{"line":24,"column":42},"end":{"line":24,"column":43}},"loc":{"start":{"line":24,"column":48},"end":{"line":24,"column":84}},"line":24},"2":{"name":"(anonymous_2)","decl":{"start":{"line":43,"column":35},"end":{"line":43,"column":36}},"loc":{"start":{"line":43,"column":41},"end":{"line":48,"column":9}},"line":43},"3":{"name":"(anonymous_3)","decl":{"start":{"line":46,"column":63},"end":{"line":46,"column":64}},"loc":{"start":{"line":46,"column":69},"end":{"line":46,"column":77}},"line":46},"4":{"name":"(anonymous_4)","decl":{"start":{"line":56,"column":16},"end":{"line":56,"column":17}},"loc":{"start":{"line":56,"column":22},"end":{"line":56,"column":75}},"line":56},"5":{"name":"(anonymous_5)","decl":{"start":{"line":57,"column":19},"end":{"line":57,"column":20}},"loc":{"start":{"line":57,"column":25},"end":{"line":57,"column":60}},"line":57},"6":{"name":"(anonymous_6)","decl":{"start":{"line":69,"column":26},"end":{"line":69,"column":27}},"loc":{"start":{"line":69,"column":36},"end":{"line":69,"column":43}},"line":69},"7":{"name":"(anonymous_7)","decl":{"start":{"line":70,"column":24},"end"
[...]
"column":3}},"type":"if","locations":[{"start":{"line":18,"column":2},"end":{"line":29,"column":3}},{"start":{},"end":{}}],"line":18},"1":{"loc":{"start":{"line":36,"column":46},"end":{"line":36,"column":88}},"type":"binary-expr","locations":[{"start":{"line":36,"column":46},"end":{"line":36,"column":61}},{"start":{"line":36,"column":65},"end":{"line":36,"column":81}},{"start":{"line":36,"column":85},"end":{"line":36,"column":88}}],"line":36},"2":{"loc":{"start":{"line":39,"column":39},"end":{"line":39,"column":64}},"type":"binary-expr","locations":[{"start":{"line":39,"column":39},"end":{"line":39,"column":49}},{"start":{"line":39,"column":53},"end":{"line":39,"column":64}}],"line":39},"3":{"loc":{"start":{"line":64,"column":7},"end":{"line":76,"column":7}},"type":"binary-expr","locations":[{"start":{"line":64,"column":7},"end":{"line":64,"column":16}},{"start":{"line":64,"column":20},"end":{"line":64,"column":40}},{"start":{"line":65,"column":8},"end":{"line":75,"column":15}}],"line":64},"4":{"loc":{"start":{"line":79,"column":60},"end":{"line":79,"column":96}},"type":"cond-expr","locations":[{"start":{"line":79,"column":70},"end":{"line":79,"column":91}},{"start":{"line":79,"column":94},"end":{"line":79,"column":96}}],"line":79},"5":{"loc":{"start":{"line":81,"column":9},"end":{"line":81,"column":73}},"type":"binary-expr","locations":[{"start":{"line":81,"column":9},"end":{"line":81,"column":23}},{"start":{"line":81,"column":27},"end":{"line":81,"column":73}}],"line":81},"6":{"loc":{"start":{"line":83,"column":9},"end":{"line":92,"column":9}},"type":"binary-expr","locations":[{"start":{"line":83,"column":9},"end":{"line":83,"column":24}},{"start":{"line":83,"column":28},"end":{"line":83,"column":49}},{"start":{"line":84,"column":10},"end":{"line":91,"column":17}}],"line":83},"7":{"loc":{"start":{"line":98,"column":77},"end":{"line":98,"column":104}},"type":"binary-expr","locations":[{"start":{"line":98,"column":77},"end":{"line":98,"column":99}},{"start":{"line":98,"column":103},"end":{"line":98,"column":104}}],"line":98}},"s":{"0":14,"1":14,"2":14,"3":14,"4":14,"5":3,"6":1,"7":11,"8":0,"9":0,"10":0,"11":1,"12":1,"13":1,"14":0,"15":1,"16":4,"17":1,"18":1,"19":1},"f":{"0":14,"1":1,"2":0,"3":0,"4":0,"5":1,"6":1,"7":1,"8":0,"9":1,"10":4,"11":1,"12":1,"13":0},"b":{"0":[3,11],"1":[11,1,0],"2":[11,1],"3":[11,11,1],"4":[11,0],"5":[11,1],"6":[11,10,7],"7":[4,1]},"_coverageSchema":"1a1c01bbd47fc00a2c39e90264f33305004495a9","hash":"02550a38cef1c4b8356fd115a466803ee9eb85a8"}
,"/Users/iqboss/projects/daycare-finder-android/src/screens/ProviderLoginScreen.tsx": {"path":"/Users/iqboss/projects/daycare-finder-android/src/screens/ProviderLoginScreen.tsx","statementMap":{"0":{"start":{"line":10,"column":21},"end":{"line":10,"column":39}},"1":{"start":{"line":11,"column":20},"end":{"line":11,"column":29}},"2":{"start":{"line":12,"column":28},"end":{"line":12,"column":40}},"3":{"start":{"line":13,"column":34},"end":{"line":13,"column":46}},"4":{"start":{"line":14,"column":42},"end":{"line":14,"column":57}},"5":{"start":{"line":15,"column":32},"end":{"line":15,"column":47}},"6":{"start":{"line":17,"column":22},"end":{"line":31,"column":3}},"7":{"start":{"line":18,"column":4},"end":{"line":21,"column":5}},"8":{"start":{"line":19,"column":6},"end":{"line":19,"column":62}},"9":{"start":{"line":20,"column":6},"end":{"line":20,"column":13}},"10":{"start":{"line":22,"column":4},"end":{"line":22,"column":21}},"11":{"start":{"line":23,"column":4},"end":{"line":30,"column":5}},"12":{"start":{"line":24,"column":6},"end":{"line":24,"column":35}},"13":{"start":{"line":25,"column":6},"end":{"line":25,"column":56}},"14":{"start":{"line":27,"column":6},"end":{"line":27,"column":74}},"15":{"start":{"line":29,"column":6},"end":{"line":29,"column":24}},"16":{"start":{"line":33,"column":2},"end":{"line":74,"column":4}},"17":{"start":{"line":59,"column":88},"end":{"line":59,"column":118}},"18":{"start":{"line":69,"column":41},"end":{"line":69,"column":80}},"19":{"start":{"line":77,"column":15},"end":{"line":88,"column":2}}},"fnMap":{"0":{"name":"ProviderLoginScreen","decl":{"start":{"line":9,"column":24},"end":{"line":9,"column":43}},"loc":{"start":{"line":9,"column":46},"end":{"line":75,"column":1}},"line":9},"1":{"name":"(anonymous_1)","decl":{"start":{"line":17,"column":22},"end":{"line":17,"column":23}},"loc":{"start":{"line":17,"column":34},"end":{"line":31,"column":3}},"line":17},"2":{"name":"(anonymous_2)","decl":{"start":{"line":59,"column":82},"end":{"line":59,"column":83}},"loc":{"start":{"line":59,"column":88},"end":{"line":59,"column":118}},"line":59},"3":{"name":"(anonymous_3)","decl":{"start":{"line":69,"column":35},"end":{"line":69,"column":36}},"loc":{"start":{"line":69,"column":41},"end":{"line":69,"column":80}},"line":69}},"branchMap":{"0":{"loc":{"start":{"line":18,"column":4},"end":{"line":21,"column":5}},"type":"if","locations":[{"start":{"line":18,"column":4},"end":{"line":21,"column":5}},{"start":{},"end":{}}],"line":18},"1":{"loc":{"start":{"line":18,"column":8},"end":{"line":18,"column":27}},"type":"binary-expr","locations":[{"start":{"line":18,"column":8},"end":{"line":18,"column":14}},{"start":{"line":18,"column":18},"end":{"line":18,"column":27}}],"line":18},"2":{"loc":{"start":{"line":27,"column":34},"end":{"line":27,"column":72}},"type":"binary-expr","locations":[{"start":{"line":27,"column":34},"end":{"line":27,"column":47}},{"start":{"line":27,"column":51},"end":{"line":27,"column":72}}],"line":27},"3":{"loc":{"start":{"line":59,"column":39},"end":{"line":59,"column":71}},"type":"cond-expr","locations":[{"start":{"line":59,"column":54},"end":{"line":59,"column":63}},{"start":{"line":59,"column":66},"end":{"line":59,"column":71}}],"line":59}},"s":{"0":21,"1":21,"2":21,"3":21,"4":21,"5":21,"6":21,"7":5,"8":2,"9":2,"10":3,"11":3,"12":3,"13":1,"14":2,"15":3,"16":21,"17":0,"18":1,"19":1},"f":{"0":21,"1":5,"2":0,"3":1},"b":{"0":[2,3],"1":[5,3],"2":[2,1],"3":[0,21]},"_coverageSchema":"1a1c01bbd47fc00a2c39e90264f33305004495a9","hash":"8efc7950e86284d35febba954335b2f40ed5edf2"}
,"/Users/iqboss/projects/daycare-finder-android/src/screens/ProviderRegisterScreen.tsx": {"path":"/Users/iqboss/projects/daycare-finder-android/src/screens/ProviderRegisterScreen.tsx","statementMap":{"0":{"start":{"line":10,"column":21},"end":{"line":10,"column":39}},"1":{"start":{"line":11,"column":19},"end":{"line":11,"column":40}},"2":{"start":{"line":12,"column":26},"end":{"line":12,"column":38}},"3":{"start":{"line":13,"column":28},"end":{"line":13,"column":40}},"4":{"start":{"line":14,"column":34},"end":{"line":14,"column":46}},"5":{"start":{"line":15,"column":48},"end":{"line":15,"column":60}},"6":{"start":{"line":16,"column":42},"end":{"line":16,"column":57}},"7":{"start":{"line":18,"column":25},"end":{"line":40,"column":3}},"8":{"start":{"line":19,"column":4},"end":{"line":22,"column":5}},"9":{"start":{"line":20,"column":6},"end":{"line":20,"column":56}},"10":{"start":{"line":21,"column":6},"end":{"line":21,"column":13}},"11":{"start":{"line":23,"column":4},"end":{"line":26,"column":5}},"12":{"start":{"line":24,"column":6},"end":{"line":24,"column":53}},"13":{"start":{"line":25,"column":6},"end":{"line":25,"column":13}},"14":{"start":{"line":27,"column":4},"end":{"line":30,"column":5}},"15":{"start":{"line":28,"column":6},"end":{"line":28,"column":69}},"16":{"start":{"line":29,"column":6},"end":{"line":29,"column":13}},"17":{"start":{"line":32,"column":4},"end":{"line":39,"column":5}},"18":{"start":{"line":33,"column":6},"end":{"line":33,"column":60}},"19":{"start":{"line":34,"column":6},"end":{"line":36,"column":9}},"20":{"start":{"line":35,"column":37},"end":{"line":35,"column":73}},"21":{"start":{"line":38,"column":6},"end":{"line":38,"column":96}},"22":{"start":{"line":42,"column":2},"end":{"line":84,"column":4}},"23":{"start":{"line":68,"column":88},"end":{"line":68,"column":118}},"24":{"start":{"line":87,"column":15},"end":{"line":95,"column":2}}},"fnMap":{"0":{"name":"ProviderRegisterScreen","decl":{"start":{"line":9,"column":24},"end":{"line":9,"column":46}},"loc":{"start":{"line":9,"column":49},"end":{"line":85,"column":1}},"line":9},"1":{"name":"(anonymous_1)","decl":{"start":{"line":18,"column":25},"end":{"line":18,"column":26}},"loc":{"start":{"line":18,"column":37},"end":{"line":40,"column":3}},"line":18},"2":{"name":"(anonymous_2)","decl":{"start":{"line":35,"column":31},"end":{"line":35,"column":32}},"loc":{"start":{"line":35,"column":37},"end":{"line":35,"column":73}},"line":35},"3":{"name":"(anonymous_3)","decl":{"start":{"line":68,"column":82},"end":{"line":68,"column":83}},"loc":{"start":{"line":68,"column":88},"end":{"line":68,"column":118}},"line":68}},"branchMap":{"0":{"loc":{"start":{"line":19,"column":4},"end":{"line":22,"column":5}},"type":"if","locations":[{"start":{"line":19,"column":4},"end":{"line":22,"column":5}},{"start":{},"end":{}}],"line":19},"1":{"loc":{"start":{"line":19,"column":8},"end":{"line":19,"column":36}},"type":"binary-expr","locations":[{"start":{"line":19,"column":8},"end":{"line":19,"column":13}},{"start":{"line":19,"column":17},"end":{"line":19,"column":23}},{"start":{"line":19,"column":27},"end":{"line":19,"column":36}}],"line":19},"2":{"loc":{"start":{"line":23,"column":4},"end":{"line":26,"column":5}},"type":"if","locations":[{"start":{"line":23,"column":4},"end":{"line":26,"column":5}},{"start":{},"end":{}}],"line":23},"3":{"loc":{"start":{"line":27,"column":4},"end":{"line":30,"column":5}},"type":"if","locations":[{"start":{"line":27,"column":4},"end":{"line":30,"column":5}},{"start":{},"end":{}}],"line":27},"4":{"loc":{"start":{"line":38,"column":41},"end":{"line":38,"column":94}},"type":"binary-expr","locations":[{"start":{"line":38,"column":41},"end":{"line":38,"column":68}},{"start":{"line":38,"column":72},"end":{"line":38,"column":94}}],"line":38},"5":{"loc":{"start":{"line":68,"column":39},"end":{"line":68,"column":71}},"type":"cond-expr","locations":[{"start":{"line":68,"column":54},"end":{"line":68,"column":63}},{"start":{"line":68,"column":66},"end":{"line":68,"column":71}}],"line":68}},"s":{"0":33,"1":33,"2":33,"3":33,"4":33,"5":33,"6":33,"7":33,"8":7,"9":1,"10":1,"11":6,"12":1,"13":1,"14":5,"15":1,"16":1,"17":4,"18":4,"19":2,"20":1,"21":2,"22":33,"23":0,"24":1},"f":{"0":33,"1":7,"2":1,"3":0},"b":{"0":[1,6],"1":[7,6,6],"2":[1,5],"3":[1,4],"4":[2,1],"5":[0,33]},"_coverageSchema":"1a1c01bbd47fc00a2c39e90264f33305004495a9","hash":"fd5a1440d2e142286338bea64c968d988640dfa2"}
,"/Users/iqboss/projects/daycare-finder-android/src/screens/SearchScreen.tsx": {"path":"/Users/iqboss/projects/daycare-finder-android/src/screens/SearchScreen.tsx","statementMap":{"0":{"start":{"line":13,"column":21},"end":{"line":13,"column":39}},"1":{"start":{"line":14,"column":30},"end":{"line":14,"column":67}},"2":{"start":{"line":15,"column":37},"end":{"line":15,"column":62}},"3":{"start":{"line":17,"column":23},"end":{"line":35,"column":3}},"4":{"start":{"line":18,"column":4},"end":{"line":18,"column":34}},"5":{"start":{"line":18,"column":27},"end":{"line":18,"column":34}},"6":{"start":{"line":20,"column":36},"end":{"line":20,"column":74}},"7":{"start":{"line":22,"column":4},"end":{"line":32,"column":5}},"8":{"start":{"line":23,"column":6},"end":{"line":31,"column":7}},"9":{"start":{"line":24,"column":25},"end":{"line":24,"column":79}},"10":{"start":{"line":25,"column":29},"end":{"line":25,"column":42}},"11":{"start":{"line":26,"column":8},"end":{"line":26,"column":28}},"12":{"start":{"line":27,"column":8},"end":{"line":27,"column":28}},"13":{"start":{"line":28,"column":8},"end":{"line":28,"column":33}},"14":{"start":{"line":34,"column":4},"end":{"line":34,"column":25}},"15":{"start":{"line":37,"column":28},"end":{"line":47,"column":3}},"16":{"start":{"line":38,"column":23},"end":{"line":38,"column":73}},"17":{"start":{"line":39,"column":4},"end":{"line":39,"column":37}},"18":{"start":{"line":39,"column":30},"end":{"line":39,"column":37}},"19":{"start":{"line":40,"column":21},"end":{"line":40,"column":63}},"20":{"start":{"line":41,"column":4},"end":{"line":46,"column":7}},"21":{"start":{"line":49,"column":19},"end":{"line":53,"column":3}},"22":{"start":{"line":50,"column":4},"end":{"line":52,"column":5}},"23":{"start":{"line":51,"column":6},"end":{"line":51,"column":66}},"24":{"start":{"line":51,"column":27},"end":{"line":51,"column":63}},"25":{"start":{"line":55,"column":21},"end":{"line":60,"column":18}},"26":{"start":{"line":56,"column":4},"end":{"line":59,"column":6}},"27":{"start":{"line":58,"column":21},"end":{"line":58,"column":74}},"28":{"start":{"line":62,"column":2},"end":{"line":87,"column":4}},"29":{"start":{"line":68,"column":41},"end":{"line":68,"column":137}},"30":{"start":{"line":79,"column":32},"end":{"line":79,"column":39}},"31":{"start":{"line":90,"column":15},"end":{"line":98,"column":2}}},"fnMap":{"0":{"name":"SearchScreen","decl":{"start":{"line":12,"column":24},"end":{"line":12,"column":36}},"loc":{"start":{"line":12,"column":39},"end":{"line":88,"column":1}},"line":12},"1":{"name":"(anonymous_1)","decl":{"start":{"line":17,"column":23},"end":{"line":17,"column":24}},"loc":{"start":{"line":17,"column":64},"end":{"line":35,"column":3}},"line":17},"2":{"name":"(anonymous_2)","decl":{"start":{"line":37,"column":28},"end":{"line":37,"column":29}},"loc":{"start":{"line":37,"column":40},"end":{"line":47,"column":3}},"line":37},"3":{"name":"(anonymous_3)","decl":{"start":{"line":49,"column":19},"end":{"line":49,"column":20}},"loc":{"start":{"line":49,"column":25},"end":{"line":53,"column":3}},"line":49},"4":{"name":"(anonymous_4)","decl":{"start":{"line":51,"column":16},"end":{"line":51,"column":17}},"loc":{"start":{"line":51,"column":27},"end":{"line":51,"column":63}},"line":51},"5":{"name":"(anonymous_5)","decl":{"start":{"line":55,"column":33},"end":{"line":55,"column":34}},"loc":{"start":{"line":56,"column":4},"end":{"line":59,"column":6}},"line":56},"6":{"name":"(anonymous_6)","decl":{"start":{"line":58,"column":15},"end":{"line":58,"column":16}},"loc":{"start":{"line":58,"column":21},"end":{"line":58,"column":74}},"line":58},"7":{"name":"(anonymous_7)","decl":{"start":{"line":68,"column":35},"end":{"line":68,"column":36}},"loc":{"start":{"line":68,"column":41},"end":{"line":68,"column":137}},"line":68},"8":{"name":"(anonymous_8)","decl":{"start":{"line":79,"column":22},"end":{"line":79,"column":23}},"loc":{"start":{"line":79,"column":32},"end":{"line":79,"column":39}},"line":79}},"branchMap":{"0":{"loc":{"start":{"line":18,"column":4},"end":{"line":18,"column":34}},"type":"if","locations":[{"start":{"line":18,"column":4},"end":{"line":18,"column":34}},{"start":{},"end":{}}],"line":18},"1":{"loc":{"start":{"line":18,"column":8},"end":{"line":18,"column":25}},"type":"binary-expr","locations":[{"start":{"line":18,"column":8},"end":{"line":18,"column":16}},{"start":{"line":18,"column":20},"end":{"line":18,"column":25}}],"line":18},"2":{"loc":{"start":{"line":20,"column":44},"end":{"line":20,"column":61}},"type":"binary-expr","locations":[{"start":{"line":20,"column":44},"end":{"line":20,"column":48}},{"start":{"line":20,"column":52},"end":{"line":20,"column":61}}],"line":20},"3":{"loc":{"start":{"line":22,"column":4},"end":{"line":32,"column":5}},"type":"if","locations":[{"start":{"line":22,"column":4},"end":{"line":32,"column":5}},{"start":{},"end":{}}],"line":22},"4":{"loc":{"start":{"line":39,"column":4},"end":{"line":39,"column":37}},"type":"if","locations":[{"start":{"line":39,"column":4},"end":{"line":39,"column":37}},{"start":{},"end":{}}],"line":39},"5":{"loc":{"start":{"line":50,"column":4},"end":{"line":52,"column":5}},"type":"if","locations":[{"start":{"line":50,"column":4},"end":{"line":52,"column":5}},{"start":{},"end":{}}],"line":50},"6":{"loc":{"start":{"line":50,"column":8},"end":{"line":50,"column":40}},"type":"binary-expr","locations":[{"start":{"line":50,"column":8},"end":{"line":50,"column":21}},{"start":{"line":50,"column":25},"end":{"line":50,"column":40}}],"line":50},"7":{"loc":{"start":{"line":67,"column":42},"end":{"line":67,"column":58}},"type":"binary-expr","locations":[{"start":{"line":67,"column":42},"end":{"line":67,"column":53}},{"start":{"line":67,"column":57},"end":{"line":67,"column":58}}],"line":67},"8":{"loc":{"start":{"line":68,"column":80},"end":{"line":68,"column":100}},"type":"binary-expr","locations":[{"start":{"line":68,"column":80},"end":{"line":68,"column":94}},{"start":{"line":68,"column":98},"end":{"line":68,"column":100}}],"line":68},"9":{"loc":{"start":{"line":73,"column":7},"end":{"line":73,"column":95}},"type":"binary-expr","locations":[{"start":{"line":73,"column":7},"end":{"line":73,"column":16}},{"start":{"line":73,"column":20},"end":{"line":73,"column":25}},{"start":{"line":73,"column":29},"end":{"line":73,"column":95}}],"line":73},"10":{"loc":{"start":{"line":75,"column":7},"end":{"line":75,"column":85}},"type":"binary-expr","locations":[{"start":{"line":75,"column":7},"end":{"line":75,"column":12}},{"start":{"line":75,"column":16},"end":{"line":75,"column":85}}],"line":75},"11":{"loc":{"start":{"line":78,"column":14},"end":{"line":78,"column":34}},"type":"binary-expr","locations":[{"start":{"line":78,"column":14},"end":{"line":78,"column":28}},{"start":{"line":78,"column":32},"end":{"line":78,"column":34}}],"line":78},"12":{"loc":{"start":{"line":83,"column":29},"end":{"line":83,"column":99}},"type":"cond-expr","locations":[{"start":{"line":83,"column":49},"end":{"line":83,"column":92}},{"start":{"line":83,"column":95},"end":{"line":83,"column":99}}],"line":83},"13":{"loc":{"start":{"line":83,"column":29},"end":{"line":83,"column":46}},"type":"binary-expr","locations":[{"start":{"line":83,"column":29},"end":{"line":83,"column":38}},{"start":{"line":83,"column":42},"end":{"line":83,"column":46}}],"line":83}},"s":{"0":14,"1":14,"2":14,"3":14,"4":4,"5":1,"6":3,"7":3,"8":2,"9":2,"10":1,"11":1,"12":1,"13":1,"14":3,"15":14,"16":0,"17":0,"18":0,"19":0,"20":0,"21":14,"22":0,"23":0,"24":0,"25":14,"26":13,"27":1,"28":14,"29":1,"30":13,"31":1},"f":{"0":14,"1":4,"2":0,"3":0,"4":0,"5":13,"6":1,"7":1,"8":13},"b":{"0":[1,3],"1":[4,2],"2":[3,2],"3":[2,1],"4":[0,0],"5":[0,0],"6":[0,0],"7":[14,3],"8":[1,0],"9":[14,1,1],"10":[14,1],"11":[14,2],"12":[0,14],"13":[14,1]},"_coverageSchema":"1a1c01bbd47fc00a2c39e90264f33305004495a9","hash":"eff1ef1e294a9f4e86456bc625b4ac652e8d83bd"}
,"/Users/iqboss/projects/daycare-finder-android/src/utils/constants.ts": {"path":"/Users/iqboss/projects/daycare-finder-android/src/utils/constants.ts","statementMap":{"0":{"start":{"line":3,"column":18},"end":{"line":3,"column":43}},"1":{"start":{"line":4,"column":19},"end":{"line":4,"column":26}},"2":{"start":{"line":6,"column":28},"end":{"line":8,"column":40}},"3":{"start":{"line":10,"column":35},"end":{"line":10,"column":84}},"4":{"start":{"line":12,"column":37},"end":{"line":12,"column":42}},"5":{"start":{"line":13,"column":33},"end":{"line":13,"column":38}},"6":{"start":{"line":15,"column":22},"end":{"line":27,"column":1}}},"fnMap":{},"branchMap":{"0":{"loc":{"start":{"line":6,"column":28},"end":{"line":8,"column":40}},"type":"cond-expr","locations":[{"start":{"line":7,"column":4},"end":{"line":7,"column":26}},{"start":{"line":8,"column":4},"end":{"line":8,"column":40}}],"line":6},"1":{"loc":{"start":{"line":6,"column":28},"end":{"line":6,"column":51}},"type":"binary-expr","locations":[{"start":{"line":6,"column":28},"end":{"line":6,"column":38}},{"start":{"line":6,"column":42},"end":{"line":6,"column":51}}],"line":6},"2":{"loc":{"start":{"line":10,"column":35},"end":{"line":10,"column":84}},"type":"binary-expr","locations":[{"start":{"line":10,"column":35},"end":{"line":10,"column":78}},{"start":{"line":10,"column":82},"end":{"line":10,"column":84}}],"line":10}},"s":{"0":14,"1":14,"2":14,"3":14,"4":14,"5":14,"6":14},"f":{},"b":{"0":[14,0],"1":[14,14],"2":[14,14]},"_coverageSchema":"1a1c01bbd47fc00a2c39e90264f33305004495a9","hash":"0ea45cbc2b6dcfa35637d7ebadae2eee23f1e46d"}
}
