TN:
SF:src/api/client.ts
FN:12,(anonymous_0)
FN:21,(anonymous_1)
FN:28,(anonymous_2)
FN:37,loginWithCredentials
FN:47,(anonymous_4)
FN:56,logout
FN:62,getSession
FNF:7
FNH:7
FNDA:3,(anonymous_0)
FNDA:4,(anonymous_1)
FNDA:4,(anonymous_2)
FNDA:5,loginWithCredentials
FNDA:3,(anonymous_4)
FNDA:3,logout
FNDA:2,getSession
DA:5,1
DA:12,1
DA:13,3
DA:14,3
DA:15,1
DA:17,3
DA:20,1
DA:22,4
DA:23,4
DA:24,2
DA:26,4
DA:29,4
DA:30,1
DA:31,1
DA:33,4
DA:38,5
DA:39,5
DA:40,5
DA:41,5
DA:42,5
DA:44,5
DA:47,3
DA:50,4
DA:51,4
DA:52,1
DA:57,3
DA:58,3
DA:59,3
DA:63,2
DA:64,1
LF:30
LH:30
BRDA:14,0,0,1
BRDA:14,0,1,2
BRDA:23,1,0,2
BRDA:23,1,1,2
BRDA:23,2,0,4
BRDA:23,2,1,2
BRDA:29,3,0,1
BRDA:29,3,1,3
BRDA:51,4,0,1
BRDA:51,4,1,3
BRDA:51,5,0,4
BRDA:51,5,1,1
BRF:12
BRH:12
end_of_record
TN:
SF:src/components/DaycareCard.tsx
FN:14,DaycareCard
FNF:1
FNH:1
FNDA:31,DaycareCard
DA:15,31
DA:19,31
DA:53,4
LF:3
LH:3
BRDA:15,0,0,29
BRDA:15,0,1,2
BRDA:23,1,0,1
BRDA:23,1,1,30
BRDA:34,2,0,31
BRDA:34,2,1,10
BRDA:41,3,0,31
BRDA:41,3,1,10
BRF:8
BRH:8
end_of_record
TN:
SF:src/components/SaveButton.tsx
FN:11,SaveButton
FN:16,(anonymous_1)
FNF:2
FNH:2
FNDA:48,SaveButton
FNDA:4,(anonymous_1)
DA:12,48
DA:13,48
DA:14,48
DA:16,48
DA:17,4
DA:18,2
DA:19,2
DA:21,2
DA:22,2
DA:25,48
LF:10
LH:10
BRDA:17,0,0,2
BRDA:17,0,1,2
BRDA:27,1,0,2
BRDA:27,1,1,46
BRDA:27,2,0,2
BRDA:27,2,1,46
BRF:6
BRH:6
end_of_record
TN:
SF:src/components/SearchControls.tsx
FN:13,SearchControls
FN:40,(anonymous_1)
FNF:2
FNH:2
FNDA:27,SearchControls
FNDA:6,(anonymous_1)
DA:14,27
DA:15,27
DA:17,27
DA:40,6
DA:51,2
LF:5
LH:5
BRF:0
BRH:0
end_of_record
TN:
SF:src/context/AuthContext.tsx
FN:18,AuthProvider
FN:22,(anonymous_1)
FN:45,(anonymous_2)
FN:46,(anonymous_3)
FN:60,(anonymous_4)
FN:65,(anonymous_5)
FN:70,(anonymous_6)
FN:88,useAuth
FNF:8
FNH:8
FNDA:59,AuthProvider
FNDA:30,(anonymous_1)
FNDA:25,(anonymous_2)
FNDA:25,(anonymous_3)
FNDA:3,(anonymous_4)
FNDA:2,(anonymous_5)
FNDA:2,(anonymous_6)
FNDA:87,useAuth
DA:16,1
DA:19,59
DA:20,59
DA:22,59
DA:23,30
DA:24,30
DA:25,27
DA:26,14
DA:34,14
DA:35,14
DA:37,13
DA:38,13
DA:41,3
DA:45,59
DA:46,25
DA:47,25
DA:48,25
DA:49,25
DA:50,2
DA:52,25
DA:54,25
DA:57,25
DA:60,59
DA:61,3
DA:62,2
DA:65,59
DA:66,2
DA:67,2
DA:70,59
DA:71,2
DA:72,2
DA:73,1
DA:75,1
DA:79,59
DA:89,87
DA:90,86
DA:91,84
LF:37
LH:37
BRDA:25,0,0,14
BRDA:25,0,1,13
BRDA:27,1,0,14
BRDA:27,1,1,1
BRDA:31,2,0,14
BRDA:31,2,1,3
BRDA:32,3,0,14
BRDA:32,3,1,3
BRDA:49,4,0,2
BRDA:49,4,1,23
BRDA:72,5,0,1
BRDA:72,5,1,1
BRDA:90,6,0,2
BRDA:90,6,1,84
BRF:14
BRH:14
end_of_record
TN:
SF:src/hooks/useAppNavigation.ts
FN:5,useAppNavigation
FNF:1
FNH:0
FNDA:0,useAppNavigation
DA:6,0
LF:1
LH:0
BRF:0
BRH:0
end_of_record
TN:
SF:src/hooks/useDaycares.ts
FN:5,useSearchDaycares
FN:8,(anonymous_1)
FN:16,useDaycare
FN:19,(anonymous_3)
FN:27,useFavorites
FN:30,(anonymous_5)
FN:37,useToggleFavorite
FN:41,(anonymous_7)
FN:48,(anonymous_8)
FN:54,useNearbyDaycares
FN:57,(anonymous_10)
FNF:11
FNH:11
FNDA:5,useSearchDaycares
FNDA:3,(anonymous_1)
FNDA:4,useDaycare
FNDA:2,(anonymous_3)
FNDA:5,useFavorites
FNDA:3,(anonymous_5)
FNDA:7,useToggleFavorite
FNDA:3,(anonymous_7)
FNDA:3,(anonymous_8)
FNDA:3,useNearbyDaycares
FNDA:2,(anonymous_10)
DA:6,5
DA:9,3
DA:10,3
DA:17,4
DA:20,2
DA:21,2
DA:28,5
DA:31,3
DA:32,3
DA:38,7
DA:40,7
DA:42,3
DA:43,1
DA:45,2
DA:49,3
DA:55,3
DA:58,2
DA:61,2
LF:18
LH:18
BRDA:12,0,0,5
BRDA:12,0,1,2
BRDA:12,1,0,5
BRDA:12,1,1,3
BRDA:42,2,0,1
BRDA:42,2,1,2
BRDA:54,3,0,2
BRDA:63,4,0,3
BRDA:63,4,1,2
BRF:9
BRH:9
end_of_record
TN:
SF:src/hooks/useProvider.ts
FN:5,useProviderDashboard
FN:8,(anonymous_1)
FN:15,useClaimedDaycares
FN:18,(anonymous_3)
FN:25,useSearchEEC
FN:28,(anonymous_5)
FN:36,useClaimDaycare
FN:39,(anonymous_7)
FN:43,(anonymous_8)
FN:49,useUnclaimDaycare
FN:52,(anonymous_10)
FN:55,(anonymous_11)
FN:61,useUpdateDaycare
FN:64,(anonymous_13)
FN:68,(anonymous_14)
FN:75,useRegisterProvider
FN:77,(anonymous_16)
FN:84,useUploadPhoto
FN:87,(anonymous_18)
FN:101,(anonymous_19)
FNF:20
FNH:20
FNDA:8,useProviderDashboard
FNDA:5,(anonymous_1)
FNDA:8,useClaimedDaycares
FNDA:5,(anonymous_3)
FNDA:4,useSearchEEC
FNDA:1,(anonymous_5)
FNDA:5,useClaimDaycare
FNDA:2,(anonymous_7)
FNDA:2,(anonymous_8)
FNDA:5,useUnclaimDaycare
FNDA:2,(anonymous_10)
FNDA:2,(anonymous_11)
FNDA:5,useUpdateDaycare
FNDA:2,(anonymous_13)
FNDA:2,(anonymous_14)
FNDA:2,useRegisterProvider
FNDA:1,(anonymous_16)
FNDA:5,useUploadPhoto
FNDA:2,(anonymous_18)
FNDA:2,(anonymous_19)
DA:6,8
DA:9,5
DA:10,5
DA:16,8
DA:19,5
DA:20,5
DA:26,4
DA:29,1
DA:30,1
DA:37,5
DA:38,5
DA:40,2
DA:41,2
DA:44,2
DA:50,5
DA:51,5
DA:53,2
DA:56,2
DA:62,5
DA:63,5
DA:65,2
DA:66,2
DA:69,2
DA:70,2
DA:76,2
DA:78,1
DA:79,1
DA:85,5
DA:86,5
DA:88,2
DA:89,2
DA:90,2
DA:96,2
DA:99,2
DA:102,2
DA:103,2
LF:36
LH:36
BRF:0
BRH:0
end_of_record
TN:
SF:src/navigation/AppNavigator.tsx
FN:24,SearchStack
FN:34,ProviderStack
FN:46,MainTabs
FN:51,(anonymous_3)
FN:52,(anonymous_4)
FN:74,(anonymous_5)
FN:81,AppNavigator
FNF:7
FNH:0
FNDA:0,SearchStack
FNDA:0,ProviderStack
FNDA:0,MainTabs
FNDA:0,(anonymous_3)
FNDA:0,(anonymous_4)
FNDA:0,(anonymous_5)
FNDA:0,AppNavigator
DA:21,0
DA:22,0
DA:25,0
DA:35,0
DA:47,0
DA:49,0
DA:51,0
DA:53,0
DA:54,0
DA:55,0
DA:56,0
DA:57,0
DA:58,0
DA:59,0
DA:74,0
DA:82,0
LF:16
LH:0
BRDA:54,0,0,0
BRDA:54,0,1,0
BRDA:54,1,0,0
BRDA:54,1,1,0
BRDA:55,2,0,0
BRDA:55,2,1,0
BRDA:55,3,0,0
BRDA:55,3,1,0
BRDA:56,4,0,0
BRDA:56,4,1,0
BRDA:56,5,0,0
BRDA:56,5,1,0
BRDA:57,6,0,0
BRDA:57,6,1,0
BRDA:57,7,0,0
BRDA:57,7,1,0
BRDA:58,8,0,0
BRDA:58,8,1,0
BRDA:58,9,0,0
BRDA:58,9,1,0
BRDA:74,10,0,0
BRDA:74,10,1,0
BRF:22
BRH:0
end_of_record
TN:
SF:src/screens/AdminDashboardScreen.tsx
FN:11,AdminDashboardScreen
FN:21,(anonymous_1)
FN:30,(anonymous_2)
FN:38,(anonymous_3)
FN:41,(anonymous_4)
FN:45,(anonymous_5)
FN:48,(anonymous_6)
FN:56,(anonymous_7)
FN:78,(anonymous_8)
FN:84,(anonymous_9)
FN:94,(anonymous_10)
FN:95,(anonymous_11)
FN:96,(anonymous_12)
FN:107,(anonymous_13)
FN:116,(anonymous_14)
FN:134,(anonymous_15)
FN:135,(anonymous_16)
FN:141,(anonymous_17)
FN:145,(anonymous_18)
FN:146,(anonymous_19)
FNF:20
FNH:19
FNDA:28,AdminDashboardScreen
FNDA:12,(anonymous_1)
FNDA:5,(anonymous_2)
FNDA:2,(anonymous_3)
FNDA:2,(anonymous_4)
FNDA:1,(anonymous_5)
FNDA:1,(anonymous_6)
FNDA:1,(anonymous_7)
FNDA:0,(anonymous_8)
FNDA:4,(anonymous_9)
FNDA:5,(anonymous_10)
FNDA:5,(anonymous_11)
FNDA:5,(anonymous_12)
FNDA:1,(anonymous_13)
FNDA:1,(anonymous_14)
FNDA:9,(anonymous_15)
FNDA:9,(anonymous_16)
FNDA:27,(anonymous_17)
FNDA:2,(anonymous_18)
FNDA:4,(anonymous_19)
DA:12,28
DA:13,28
DA:14,28
DA:15,28
DA:17,28
DA:19,28
DA:22,12
DA:23,11
DA:28,28
DA:31,5
DA:32,5
DA:37,28
DA:39,2
DA:41,2
DA:44,28
DA:46,1
DA:48,1
DA:51,28
DA:52,2
DA:56,1
DA:63,26
DA:64,2
DA:73,24
DA:78,0
DA:84,4
DA:94,5
DA:95,5
DA:97,5
DA:107,1
DA:116,1
DA:134,9
DA:136,9
DA:142,27
DA:146,4
DA:147,2
DA:148,1
DA:149,1
DA:151,1
DA:169,1
LF:39
LH:38
BRDA:34,0,0,28
BRDA:34,0,1,24
BRDA:51,1,0,2
BRDA:51,1,1,26
BRDA:63,2,0,2
BRDA:63,2,1,24
BRDA:77,3,0,24
BRDA:77,3,1,15
BRDA:80,4,0,24
BRDA:80,4,1,15
BRDA:83,5,0,24
BRDA:83,5,1,9
BRDA:86,6,0,24
BRDA:86,6,1,9
BRDA:90,7,0,24
BRDA:90,7,1,15
BRDA:92,8,0,15
BRDA:92,8,1,10
BRDA:94,9,0,15
BRDA:94,9,1,10
BRDA:99,10,0,5
BRDA:99,10,1,0
BRDA:100,11,0,5
BRDA:100,11,1,0
BRDA:129,12,0,24
BRDA:129,12,1,9
BRDA:131,13,0,9
BRDA:131,13,1,4
BRDA:133,14,0,9
BRDA:133,14,1,4
BRDA:138,15,0,9
BRDA:138,15,1,0
BRDA:144,16,0,27
BRDA:144,16,1,9
BRDA:146,17,0,2
BRDA:146,17,1,0
BRDA:147,18,0,1
BRDA:147,18,1,1
BRDA:147,19,0,2
BRDA:147,19,1,2
BRDA:147,19,2,2
BRDA:154,20,0,27
BRDA:154,20,1,9
BRF:43
BRH:39
end_of_record
TN:
SF:src/screens/ClaimDaycareScreen.tsx
FN:9,ClaimDaycareScreen
FN:15,(anonymous_1)
FN:19,(anonymous_2)
FN:43,(anonymous_3)
FN:44,(anonymous_4)
FN:59,(anonymous_5)
FNF:6
FNH:6
FNDA:15,ClaimDaycareScreen
FNDA:4,(anonymous_1)
FNDA:1,(anonymous_2)
FNDA:9,(anonymous_3)
FNDA:9,(anonymous_4)
FNDA:4,(anonymous_5)
DA:10,15
DA:11,15
DA:12,15
DA:13,15
DA:15,15
DA:16,4
DA:17,4
DA:18,2
DA:19,1
DA:22,2
DA:26,15
DA:43,9
DA:45,9
DA:59,4
DA:80,1
LF:15
LH:15
BRDA:22,0,0,2
BRDA:22,0,1,1
BRDA:39,1,0,15
BRDA:39,1,1,2
BRDA:42,2,0,15
BRDA:42,2,1,0
BRDA:49,3,0,9
BRDA:49,3,1,2
BRDA:51,4,0,9
BRDA:51,4,1,2
BRDA:52,5,0,9
BRDA:52,5,1,2
BRDA:54,6,0,1
BRDA:54,6,1,8
BRDA:71,7,0,1
BRDA:71,7,1,14
BRDA:71,8,0,15
BRDA:71,8,1,2
BRF:18
BRH:17
end_of_record
TN:
SF:src/screens/DaycareDetailScreen.tsx
FN:11,DaycareDetailScreen
FN:20,(anonymous_1)
FN:27,(anonymous_2)
FN:31,(anonymous_3)
FN:35,(anonymous_4)
FN:130,(anonymous_5)
FN:144,(anonymous_6)
FN:163,(anonymous_7)
FN:164,(anonymous_8)
FN:176,InfoRow
FNF:10
FNH:5
FNDA:23,DaycareDetailScreen
FNDA:0,(anonymous_1)
FNDA:1,(anonymous_2)
FNDA:0,(anonymous_3)
FNDA:0,(anonymous_4)
FNDA:42,(anonymous_5)
FNDA:42,(anonymous_6)
FNDA:0,(anonymous_7)
FNDA:0,(anonymous_8)
FNDA:105,InfoRow
DA:12,23
DA:13,23
DA:14,23
DA:15,23
DA:17,23
DA:18,23
DA:20,23
DA:21,0
DA:22,0
DA:23,0
DA:27,23
DA:28,1
DA:31,23
DA:32,0
DA:35,23
DA:36,0
DA:39,23
DA:40,2
DA:48,21
DA:131,42
DA:145,42
DA:163,0
DA:177,105
DA:185,1
LF:24
LH:18
BRDA:17,0,0,23
BRDA:17,0,1,2
BRDA:21,1,0,0
BRDA:21,1,1,0
BRDA:28,2,0,1
BRDA:28,2,1,0
BRDA:32,3,0,0
BRDA:32,3,1,0
BRDA:36,4,0,0
BRDA:36,4,1,0
BRDA:39,5,0,2
BRDA:39,5,1,21
BRDA:39,6,0,23
BRDA:39,6,1,22
BRDA:50,7,0,20
BRDA:50,7,1,1
BRDA:62,8,0,21
BRDA:62,8,1,18
BRDA:72,9,0,20
BRDA:72,9,1,1
BRDA:72,10,0,21
BRDA:72,10,1,1
BRDA:74,11,0,21
BRDA:74,11,1,20
BRDA:78,12,0,20
BRDA:78,12,1,0
BRDA:84,13,0,21
BRDA:84,13,1,20
BRDA:90,14,0,21
BRDA:90,14,1,20
BRDA:96,15,0,21
BRDA:96,15,1,20
BRDA:104,16,0,21
BRDA:104,16,1,20
BRDA:117,17,0,21
BRDA:117,17,1,21
BRDA:118,18,0,21
BRDA:118,18,1,21
BRDA:119,19,0,21
BRDA:119,19,1,21
BRDA:120,20,0,21
BRDA:120,20,1,21
BRDA:121,21,0,21
BRDA:121,21,1,21
BRDA:126,22,0,21
BRDA:126,22,1,21
BRDA:126,22,2,21
BRDA:140,23,0,21
BRDA:140,23,1,21
BRDA:160,24,0,21
BRDA:160,24,1,20
BRDA:160,24,2,2
BRF:52
BRH:44
end_of_record
TN:
SF:src/screens/EditListingScreen.tsx
FN:12,EditListingScreen
FN:25,(anonymous_1)
FN:34,(anonymous_2)
FN:43,(anonymous_3)
FN:119,(anonymous_4)
FNF:5
FNH:5
FNDA:49,EditListingScreen
FNDA:22,(anonymous_1)
FNDA:3,(anonymous_2)
FNDA:5,(anonymous_3)
FNDA:92,(anonymous_4)
DA:13,49
DA:14,49
DA:15,49
DA:16,49
DA:17,49
DA:18,49
DA:20,49
DA:21,49
DA:22,49
DA:23,49
DA:25,49
DA:26,22
DA:27,19
DA:28,19
DA:29,19
DA:30,19
DA:34,49
DA:35,3
DA:36,3
DA:37,1
DA:39,2
DA:43,49
DA:44,5
DA:50,5
DA:51,4
DA:52,4
DA:53,2
DA:55,2
DA:60,49
DA:61,3
DA:68,46
DA:120,92
DA:144,1
LF:33
LH:33
BRDA:26,0,0,19
BRDA:26,0,1,3
BRDA:27,1,0,19
BRDA:27,1,1,0
BRDA:28,2,0,19
BRDA:28,2,1,0
BRDA:29,3,0,19
BRDA:29,3,1,0
BRDA:30,4,0,19
BRDA:30,4,1,0
BRDA:39,5,0,2
BRDA:39,5,1,1
BRDA:50,6,0,4
BRDA:50,6,1,1
BRDA:50,7,0,5
BRDA:50,7,1,4
BRDA:55,8,0,2
BRDA:55,8,1,1
BRDA:60,9,0,3
BRDA:60,9,1,46
BRDA:60,10,0,49
BRDA:60,10,1,47
BRDA:110,11,0,46
BRDA:110,11,1,2
BRF:24
BRH:20
end_of_record
TN:
SF:src/screens/FavoritesScreen.tsx
FN:11,FavoritesScreen
FN:21,(anonymous_1)
FN:42,(anonymous_2)
FN:54,(anonymous_3)
FN:55,(anonymous_4)
FN:58,(anonymous_5)
FNF:6
FNH:6
FNDA:9,FavoritesScreen
FNDA:1,(anonymous_1)
FNDA:1,(anonymous_2)
FNDA:6,(anonymous_3)
FNDA:6,(anonymous_4)
FNDA:1,(anonymous_5)
DA:12,9
DA:13,9
DA:14,9
DA:16,9
DA:17,3
DA:21,1
DA:28,6
DA:29,1
DA:36,5
DA:37,2
DA:42,1
DA:49,3
DA:54,6
DA:56,6
DA:58,1
DA:67,1
LF:16
LH:16
BRDA:16,0,0,3
BRDA:16,0,1,6
BRDA:28,1,0,1
BRDA:28,1,1,5
BRDA:36,2,0,2
BRDA:36,2,1,3
BRF:6
BRH:6
end_of_record
TN:
SF:src/screens/LandingScreen.tsx
FN:8,LandingScreen
FN:21,(anonymous_1)
FN:22,(anonymous_2)
FN:31,(anonymous_3)
FN:32,(anonymous_4)
FN:45,(anonymous_5)
FNF:6
FNH:4
FNDA:4,LandingScreen
FNDA:0,(anonymous_1)
FNDA:1,(anonymous_2)
FNDA:0,(anonymous_3)
FNDA:1,(anonymous_4)
FNDA:12,(anonymous_5)
DA:9,4
DA:10,4
DA:21,0
DA:22,1
DA:31,0
DA:32,1
DA:46,12
DA:57,1
LF:8
LH:6
BRF:0
BRH:0
end_of_record
TN:
SF:src/screens/MapScreen.tsx
FN:10,MapScreen
FN:25,(anonymous_1)
FN:31,(anonymous_2)
FN:36,(anonymous_3)
FNF:4
FNH:3
FNDA:6,MapScreen
FNDA:7,(anonymous_1)
FNDA:0,(anonymous_2)
FNDA:1,(anonymous_3)
DA:11,6
DA:12,6
DA:13,6
DA:15,6
DA:22,6
DA:26,7
DA:31,0
DA:36,1
DA:47,1
LF:9
LH:8
BRDA:16,0,0,6
BRDA:16,0,1,1
BRDA:17,1,0,6
BRDA:17,1,1,1
BRF:4
BRH:4
end_of_record
TN:
SF:src/screens/ProviderDashboardScreen.tsx
FN:12,ProviderDashboardScreen
FN:24,(anonymous_1)
FN:43,(anonymous_2)
FN:46,(anonymous_3)
FN:56,(anonymous_4)
FN:57,(anonymous_5)
FN:69,(anonymous_6)
FN:70,(anonymous_7)
FN:71,(anonymous_8)
FN:87,(anonymous_9)
FN:94,(anonymous_10)
FN:103,(anonymous_11)
FN:111,(anonymous_12)
FN:114,(anonymous_13)
FNF:14
FNH:9
FNDA:14,ProviderDashboardScreen
FNDA:1,(anonymous_1)
FNDA:0,(anonymous_2)
FNDA:0,(anonymous_3)
FNDA:0,(anonymous_4)
FNDA:1,(anonymous_5)
FNDA:1,(anonymous_6)
FNDA:1,(anonymous_7)
FNDA:0,(anonymous_8)
FNDA:1,(anonymous_9)
FNDA:4,(anonymous_10)
FNDA:1,(anonymous_11)
FNDA:1,(anonymous_12)
FNDA:0,(anonymous_13)
DA:13,14
DA:14,14
DA:15,14
DA:16,14
DA:18,14
DA:19,3
DA:24,1
DA:31,11
DA:44,0
DA:46,0
DA:56,0
DA:57,1
DA:69,1
DA:71,1
DA:87,1
DA:95,4
DA:103,1
DA:112,1
DA:129,1
LF:19
LH:16
BRDA:18,0,0,3
BRDA:18,0,1,11
BRDA:36,1,0,11
BRDA:36,1,1,1
BRDA:36,1,2,0
BRDA:39,2,0,11
BRDA:39,2,1,1
BRDA:64,3,0,11
BRDA:64,3,1,11
BRDA:64,3,2,1
BRDA:79,4,0,11
BRDA:79,4,1,0
BRDA:81,5,0,11
BRDA:81,5,1,1
BRDA:83,6,0,11
BRDA:83,6,1,10
BRDA:83,6,2,7
BRDA:98,7,0,4
BRDA:98,7,1,1
BRF:19
BRH:17
end_of_record
TN:
SF:src/screens/ProviderLoginScreen.tsx
FN:9,ProviderLoginScreen
FN:17,(anonymous_1)
FN:59,(anonymous_2)
FN:69,(anonymous_3)
FNF:4
FNH:3
FNDA:21,ProviderLoginScreen
FNDA:5,(anonymous_1)
FNDA:0,(anonymous_2)
FNDA:1,(anonymous_3)
DA:10,21
DA:11,21
DA:12,21
DA:13,21
DA:14,21
DA:15,21
DA:17,21
DA:18,5
DA:19,2
DA:20,2
DA:22,3
DA:23,3
DA:24,3
DA:25,1
DA:27,2
DA:29,3
DA:33,21
DA:59,0
DA:69,1
DA:77,1
LF:20
LH:19
BRDA:18,0,0,2
BRDA:18,0,1,3
BRDA:18,1,0,5
BRDA:18,1,1,3
BRDA:27,2,0,2
BRDA:27,2,1,1
BRDA:59,3,0,0
BRDA:59,3,1,21
BRF:8
BRH:7
end_of_record
TN:
SF:src/screens/ProviderRegisterScreen.tsx
FN:9,ProviderRegisterScreen
FN:18,(anonymous_1)
FN:35,(anonymous_2)
FN:68,(anonymous_3)
FNF:4
FNH:3
FNDA:33,ProviderRegisterScreen
FNDA:7,(anonymous_1)
FNDA:1,(anonymous_2)
FNDA:0,(anonymous_3)
DA:10,33
DA:11,33
DA:12,33
DA:13,33
DA:14,33
DA:15,33
DA:16,33
DA:18,33
DA:19,7
DA:20,1
DA:21,1
DA:23,6
DA:24,1
DA:25,1
DA:27,5
DA:28,1
DA:29,1
DA:32,4
DA:33,4
DA:34,2
DA:35,1
DA:38,2
DA:42,33
DA:68,0
DA:87,1
LF:25
LH:24
BRDA:19,0,0,1
BRDA:19,0,1,6
BRDA:19,1,0,7
BRDA:19,1,1,6
BRDA:19,1,2,6
BRDA:23,2,0,1
BRDA:23,2,1,5
BRDA:27,3,0,1
BRDA:27,3,1,4
BRDA:38,4,0,2
BRDA:38,4,1,1
BRDA:68,5,0,0
BRDA:68,5,1,33
BRF:13
BRH:12
end_of_record
TN:
SF:src/screens/SearchScreen.tsx
FN:12,SearchScreen
FN:17,(anonymous_1)
FN:37,(anonymous_2)
FN:49,(anonymous_3)
FN:51,(anonymous_4)
FN:55,(anonymous_5)
FN:58,(anonymous_6)
FN:68,(anonymous_7)
FN:79,(anonymous_8)
FNF:9
FNH:6
FNDA:14,SearchScreen
FNDA:4,(anonymous_1)
FNDA:0,(anonymous_2)
FNDA:0,(anonymous_3)
FNDA:0,(anonymous_4)
FNDA:13,(anonymous_5)
FNDA:1,(anonymous_6)
FNDA:1,(anonymous_7)
FNDA:13,(anonymous_8)
DA:13,14
DA:14,14
DA:15,14
DA:17,14
DA:18,4
DA:20,3
DA:22,3
DA:23,2
DA:24,2
DA:25,1
DA:26,1
DA:27,1
DA:28,1
DA:34,3
DA:37,14
DA:38,0
DA:39,0
DA:40,0
DA:41,0
DA:49,14
DA:50,0
DA:51,0
DA:55,14
DA:56,13
DA:58,1
DA:62,14
DA:68,1
DA:79,13
DA:90,1
LF:29
LH:23
BRDA:18,0,0,1
BRDA:18,0,1,3
BRDA:18,1,0,4
BRDA:18,1,1,2
BRDA:20,2,0,3
BRDA:20,2,1,2
BRDA:22,3,0,2
BRDA:22,3,1,1
BRDA:39,4,0,0
BRDA:39,4,1,0
BRDA:50,5,0,0
BRDA:50,5,1,0
BRDA:50,6,0,0
BRDA:50,6,1,0
BRDA:67,7,0,14
BRDA:67,7,1,3
BRDA:68,8,0,1
BRDA:68,8,1,0
BRDA:73,9,0,14
BRDA:73,9,1,1
BRDA:73,9,2,1
BRDA:75,10,0,14
BRDA:75,10,1,1
BRDA:78,11,0,14
BRDA:78,11,1,2
BRDA:83,12,0,0
BRDA:83,12,1,14
BRDA:83,13,0,14
BRDA:83,13,1,1
BRF:29
BRH:21
end_of_record
TN:
SF:src/utils/constants.ts
FNF:0
FNH:0
DA:3,14
DA:4,14
DA:6,14
DA:10,14
DA:12,14
DA:13,14
DA:15,14
LF:7
LH:7
BRDA:6,0,0,14
BRDA:6,0,1,0
BRDA:6,1,0,14
BRDA:6,1,1,14
BRDA:10,2,0,14
BRDA:10,2,1,14
BRF:6
BRH:5
end_of_record
